#
# A fatal error has been detected by the Java Runtime Environment:
#
#  SIGSEGV (0xb) at pc=0x0000000106b88920, pid=9987, tid=0x0000000000005907
#
# JRE version: Java(TM) SE Runtime Environment (8.0_92-b14) (build 1.8.0_92-b14)
# Java VM: Java HotSpot(TM) 64-Bit Server VM (25.92-b14 mixed mode bsd-amd64 compressed oops)
# Problematic frame:
# J 2446 C1 com.android.dx.dex.code.form.Form22c.isCompatible(Lcom/android/dx/dex/code/DalvInsn;)Z (99 bytes) @ 0x0000000106b88920 [0x0000000106b88880+0xa0]
#
# Failed to write core dump. Core dumps have been disabled. To enable core dumping, try "ulimit -c unlimited" before starting Java again
#
# If you would like to submit a bug report, please visit:
#   http://bugreport.java.com/bugreport/crash.jsp
#

---------------  T H R E A D  ---------------

Current thread (0x00007fcd5c834800):  JavaThread "pool-1-thread-1" [_thread_in_Java, id=22791, stack(0x0000700001559000,0x0000700001659000)]

siginfo: si_signo: 11 (SIGSEGV), si_code: 1 (SEGV_MAPERR), si_addr: 0x00000003f800ffa8

Registers:
RAX=0x00000007c0090700, RBX=0x00000007c0092ce8, RCX=0x00000007c0092ce8, RDX=0x0000000780bfa060
RSP=0x0000700001657fd0, RBP=0x00007000016584d0, RSI=0x0000000000000001, RDI=0x00000003f800ff98
R8 =0x00000007800016f8, R9 =0x0000000780bf9608, R10=0x0000000780bfa270, R11=0x00000001195cff88
R12=0x0000000000000000, R13=0x0000000780bf9608, R14=0x0000700001658508, R15=0x00007fcd5c834800
RIP=0x0000000106b88920, EFLAGS=0x0000000000010202, ERR=0x0000000000000004
  TRAPNO=0x000000000000000e

Top of Stack: (sp=0x0000700001657fd0)
0x0000700001657fd0:   00007000016584d0 0000000106be467c
0x0000700001657fe0:   00000007b34b4de0 00000007809ebff0
0x0000700001657ff0:   00000007b2e05ef8 0000000106bca324
0x0000700001658000:   00007000016584d0 0000000780bfa258
0x0000700001658010:   0000000780bfa230 0000000780bfa230
0x0000700001658020:   0000000780c04e48 0000000106846904
0x0000700001658030:   00007000016584d0 0000000106b54d3c
0x0000700001658040:   ffffffffffffffff 00000001194e2a68
0x0000700001658050:   0000700001658050 00000007b32c1fc8
0x0000700001658060:   00007000016584d0 0000000106854b5c
0x0000700001658070:   00000007af80f0f0 0000000100000002
0x0000700001658080:   00000007b2e05ef8 00000007809ebff0
0x0000700001658090:   0000000780bf9608 00000007800016f8
0x00007000016580a0:   0000000780bfa060 00000007af80f0d0
0x00007000016580b0:   00007000016584d0 0000000106832c74
0x00007000016580c0:   00007000016584d0 0000000106b8cda4
0x00007000016580d0:   0000700000000000 0000000106bd4472
0x00007000016580e0:   0000000780cd9748 00000007b2cb2c88
0x00007000016580f0:   0000000000000003 0000000000000003
0x0000700001658100:   00007000016584d0 0000000106b6053c
0x0000700001658110:   00000007b3475cd0 00000007809ebf10
0x0000700001658120:   00000007af80f0f0 0000000780000618
0x0000700001658130:   0000000780bf9608 0000000780bfa060
0x0000700001658140:   00000041ffffffff 00000007800016f8
0x0000700001658150:   00000007af80f9c0 0000000100000060
0x0000700001658160:   00007000016584d0 0000000106bbe824
0x0000700001658170:   00000007b2dd99d8 0000000300000000
0x0000700001658180:   00007000016584d0 0000000106bc841c
0x0000700001658190:   0000000000000000 0000000780be6008
0x00007000016581a0:   00007000016584d0 0000000106b7e31c
0x00007000016581b0:   00007000016584d0 0000000106b5ab84
0x00007000016581c0:   00007000016584d0 00000007af80f870 

Instructions: (pc=0x0000000106b88920)
0x0000000106b88900:   00 00 00 e9 05 00 00 00 48 33 f6 eb 0a 48 be 01
0x0000000106b88910:   00 00 00 00 00 00 00 83 fe 00 0f 84 15 02 00 00
0x0000000106b88920:   8b 77 10 48 c1 e6 03 8b 76 0c 83 fe 02 0f 85 02
0x0000000106b88930:   02 00 00 48 89 54 24 40 ba 00 00 00 00 48 8b f7 

Register to memory mapping:

RAX=0x00000007c0090700 is pointing into metadata
RBX=0x00000007c0092ce8 is pointing into metadata
RCX=0x00000007c0092ce8 is pointing into metadata
RDX=0x0000000780bfa060 is an oop
com.android.dx.dex.code.CstInsn 
 - klass: 'com/android/dx/dex/code/CstInsn'
RSP=0x0000700001657fd0 is pointing into the stack for thread: 0x00007fcd5c834800
RBP=0x00007000016584d0 is pointing into the stack for thread: 0x00007fcd5c834800
RSI=0x0000000000000001 is an unknown value
RDI=0x00000003f800ff98 is an unknown value
R8 =0x00000007800016f8 is an oop
com.android.dx.dex.code.Dop 
 - klass: 'com/android/dx/dex/code/Dop'
R9 =0x0000000780bf9608 is an oop
com.android.dx.dex.code.OutputFinisher 
 - klass: 'com/android/dx/dex/code/OutputFinisher'
R10=0x0000000780bfa270 is an oop
[Ljava.lang.Object; 
 - klass: 'java/lang/Object'[]
 - length: 2
R11=0x00000001195cff88 is pointing into metadata
R12=0x0000000000000000 is an unknown value
R13=0x0000000780bf9608 is an oop
com.android.dx.dex.code.OutputFinisher 
 - klass: 'com/android/dx/dex/code/OutputFinisher'
R14=0x0000700001658508 is pointing into the stack for thread: 0x00007fcd5c834800
R15=0x00007fcd5c834800 is a thread


Stack: [0x0000700001559000,0x0000700001659000],  sp=0x0000700001657fd0,  free space=1019k
Native frames: (J=compiled Java code, j=interpreted, Vv=VM code, C=native code)
J 2446 C1 com.android.dx.dex.code.form.Form22c.isCompatible(Lcom/android/dx/dex/code/DalvInsn;)Z (99 bytes) @ 0x0000000106b88920 [0x0000000106b88880+0xa0]
J 2373 C1 com.android.dx.dex.code.OutputFinisher.findOpcodeForInsn(Lcom/android/dx/dex/code/DalvInsn;Lcom/android/dx/dex/code/Dop;)Lcom/android/dx/dex/code/Dop; (51 bytes) @ 0x0000000106b54d3c [0x0000000106b54ca0+0x9c]
J 2455 C1 com.android.dx.dex.code.OutputFinisher.calculateReservedCount([Lcom/android/dx/dex/code/Dop;)I (122 bytes) @ 0x0000000106b8cda4 [0x0000000106b8ca40+0x364]
J 2488 C1 com.android.dx.dex.code.OutputFinisher.reserveRegisters([Lcom/android/dx/dex/code/Dop;)Z (119 bytes) @ 0x0000000106bc841c [0x0000000106bc8380+0x9c]
J 2469 C1 com.android.dx.dex.code.OutputFinisher.finishProcessingAndGetList()Lcom/android/dx/dex/code/DalvInsnList; (74 bytes) @ 0x0000000106bc73ec [0x0000000106bc7360+0x8c]
J 2495 C1 com.android.dx.dex.code.DalvCode.finishProcessingIfNecessary()V (69 bytes) @ 0x0000000106bd212c [0x0000000106bd20a0+0x8c]
J 2465 C1 com.android.dx.dex.file.CodeItem.place0(Lcom/android/dx/dex/file/Section;I)V (88 bytes) @ 0x0000000106bc5194 [0x0000000106bc4f80+0x214]
J 2353 C1 com.android.dx.dex.file.OffsettedItem.place(Lcom/android/dx/dex/file/Section;I)I (78 bytes) @ 0x0000000106b4d7cc [0x0000000106b4d700+0xcc]
j  com.android.dx.dex.file.MixedItemSection.placeItems()V+94
j  com.android.dx.dex.file.DexFile.toDex0(ZZ)Lcom/android/dx/util/ByteArrayAnnotatedOutput;+195
j  com.android.dx.dex.file.DexFile.toDex(Ljava/io/Writer;Z)[B+13
j  com.android.dx.command.dexer.Main.writeDex(Lcom/android/dx/dex/file/DexFile;)[B+44
j  com.android.dx.command.dexer.Main.access$3000(Lcom/android/dx/dex/file/DexFile;)[B+1
j  com.android.dx.command.dexer.Main$DexWriter.call()[B+4
j  com.android.dx.command.dexer.Main$DexWriter.call()Ljava/lang/Object;+1
j  java.util.concurrent.FutureTask.run()V+42
j  java.util.concurrent.ThreadPoolExecutor.runWorker(Ljava/util/concurrent/ThreadPoolExecutor$Worker;)V+95
j  java.util.concurrent.ThreadPoolExecutor$Worker.run()V+5
j  java.lang.Thread.run()V+11
v  ~StubRoutines::call_stub
V  [libjvm.dylib+0x2ecc9a]  JavaCalls::call_helper(JavaValue*, methodHandle*, JavaCallArguments*, Thread*)+0x6ae
V  [libjvm.dylib+0x2ed428]  JavaCalls::call_virtual(JavaValue*, KlassHandle, Symbol*, Symbol*, JavaCallArguments*, Thread*)+0x164
V  [libjvm.dylib+0x2ed5d4]  JavaCalls::call_virtual(JavaValue*, Handle, KlassHandle, Symbol*, Symbol*, Thread*)+0x4a
V  [libjvm.dylib+0x347dbd]  thread_entry(JavaThread*, Thread*)+0x7c
V  [libjvm.dylib+0x564c57]  JavaThread::thread_main_inner()+0x9b
V  [libjvm.dylib+0x566344]  JavaThread::run()+0x1c2
V  [libjvm.dylib+0x485bbe]  java_start(Thread*)+0xf6
C  [libsystem_pthread.dylib+0x399d]  _pthread_body+0x83
C  [libsystem_pthread.dylib+0x391a]  _pthread_body+0x0
C  [libsystem_pthread.dylib+0x1351]  thread_start+0xd
C  0x0000000000000000


---------------  P R O C E S S  ---------------

Java Threads: ( => current thread )
=>0x00007fcd5c834800 JavaThread "pool-1-thread-1" [_thread_in_Java, id=22791, stack(0x0000700001559000,0x0000700001659000)]
  0x00007fcd5b01f800 JavaThread "Service Thread" daemon [_thread_blocked, id=21251, stack(0x0000700001353000,0x0000700001453000)]
  0x00007fcd5b009000 JavaThread "C1 CompilerThread3" daemon [_thread_blocked, id=20739, stack(0x0000700001250000,0x0000700001350000)]
  0x00007fcd5e802800 JavaThread "C2 CompilerThread2" daemon [_thread_in_native, id=20227, stack(0x000070000114d000,0x000070000124d000)]
  0x00007fcd5d001000 JavaThread "C2 CompilerThread1" daemon [_thread_in_native, id=19715, stack(0x000070000104a000,0x000070000114a000)]
  0x00007fcd5e801800 JavaThread "C2 CompilerThread0" daemon [_thread_in_native, id=19203, stack(0x0000700000f47000,0x0000700001047000)]
  0x00007fcd5b01f000 JavaThread "Signal Dispatcher" daemon [_thread_blocked, id=14863, stack(0x0000700000e44000,0x0000700000f44000)]
  0x00007fcd5a80a800 JavaThread "Finalizer" daemon [_thread_blocked, id=13827, stack(0x0000700000c3b000,0x0000700000d3b000)]
  0x00007fcd5b806000 JavaThread "Reference Handler" daemon [_thread_blocked, id=13315, stack(0x0000700000b38000,0x0000700000c38000)]
  0x00007fcd5c801800 JavaThread "main" [_thread_blocked, id=4099, stack(0x0000700000084000,0x0000700000184000)]

Other Threads:
  0x00007fcd5e005800 VMThread [stack: 0x0000700000a35000,0x0000700000b35000] [id=12803]
  0x00007fcd5a810800 WatcherThread [stack: 0x0000700001456000,0x0000700001556000] [id=21763]

VM state:not at safepoint (normal execution)

VM Mutex/Monitor currently owned by a thread: None

Heap:
 PSYoungGen      total 141824K, used 92523K [0x00000007aab00000, 0x00000007bc000000, 0x00000007c0000000)
  eden space 131072K, 62% used [0x00000007aab00000,0x00000007afaddd80,0x00000007b2b00000)
  from space 10752K, 99% used [0x00000007b2b00000,0x00000007b357cef0,0x00000007b3580000)
  to   space 10752K, 0% used [0x00000007bb580000,0x00000007bb580000,0x00000007bc000000)
 ParOldGen       total 175104K, used 28530K [0x0000000780000000, 0x000000078ab00000, 0x00000007aab00000)
  object space 175104K, 16% used [0x0000000780000000,0x0000000781bdc920,0x000000078ab00000)
 Metaspace       used 6439K, capacity 7344K, committed 7552K, reserved 1056768K
  class space    used 604K, capacity 616K, committed 640K, reserved 1048576K

Card table byte_map: [0x0000000116a00000,0x0000000116c01000] byte_map_base: 0x0000000112e00000

Marking Bits: (ParMarkBitMap*) 0x0000000105de3bd0
 Begin Bits: [0x0000000116d57000, 0x0000000117d57000)
 End Bits:   [0x0000000117d57000, 0x0000000118d57000)

Polling page: 0x00000001064d5000

CodeCache: size=245760Kb used=7159Kb max_used=7179Kb free=238600Kb
 bounds [0x00000001064e8000, 0x0000000106bf8000, 0x00000001154e8000]
 total_blobs=2335 nmethods=2067 adapters=182
 compilation: enabled

Compilation events (10 events):
Event: 5.453 Thread 0x00007fcd5b009000 2518       2       com.android.dx.dex.code.form.Form21s::isCompatible (89 bytes)
Event: 5.453 Thread 0x00007fcd5b009000 nmethod 2518 0x0000000106be42d0 code [0x0000000106be4480, 0x0000000106be4848]
Event: 5.453 Thread 0x00007fcd5b009000 2520       1       java.util.TreeMap$Entry::getKey (5 bytes)
Event: 5.454 Thread 0x00007fcd5b009000 nmethod 2520 0x0000000106be4ad0 code [0x0000000106be4c20, 0x0000000106be4d30]
Event: 5.454 Thread 0x00007fcd5b009000 2521       1       com.android.dx.util.ByteArrayAnnotatedOutput::getCursor (5 bytes)
Event: 5.454 Thread 0x00007fcd5b009000 nmethod 2521 0x0000000106be4d90 code [0x0000000106be4ee0, 0x0000000106be4ff0]
Event: 5.454 Thread 0x00007fcd5b009000 2522       1       com.android.dx.dex.code.form.Form21s::codeSize (2 bytes)
Event: 5.454 Thread 0x00007fcd5b009000 nmethod 2522 0x0000000106be5050 code [0x0000000106be51a0, 0x0000000106be52b0]
Event: 5.493 Thread 0x00007fcd5d001000 nmethod 2118 0x0000000106bea1d0 code [0x0000000106bea580, 0x0000000106bec768]
Event: 5.493 Thread 0x00007fcd5d001000 2519       4       com.android.dx.util.FixedSizeList::equals (41 bytes)

GC Heap History (6 events):
Event: 1.787 GC heap before
{Heap before GC invocations=1 (full 0):
 PSYoungGen      total 76288K, used 65536K [0x00000007aab00000, 0x00000007b0000000, 0x00000007c0000000)
  eden space 65536K, 100% used [0x00000007aab00000,0x00000007aeb00000,0x00000007aeb00000)
  from space 10752K, 0% used [0x00000007af580000,0x00000007af580000,0x00000007b0000000)
  to   space 10752K, 0% used [0x00000007aeb00000,0x00000007aeb00000,0x00000007af580000)
 ParOldGen       total 175104K, used 0K [0x0000000780000000, 0x000000078ab00000, 0x00000007aab00000)
  object space 175104K, 0% used [0x0000000780000000,0x0000000780000000,0x000000078ab00000)
 Metaspace       used 5779K, capacity 6832K, committed 7040K, reserved 1056768K
  class space    used 584K, capacity 616K, committed 640K, reserved 1048576K
Event: 1.811 GC heap after
Heap after GC invocations=1 (full 0):
 PSYoungGen      total 76288K, used 10734K [0x00000007aab00000, 0x00000007b4000000, 0x00000007c0000000)
  eden space 65536K, 0% used [0x00000007aab00000,0x00000007aab00000,0x00000007aeb00000)
  from space 10752K, 99% used [0x00000007aeb00000,0x00000007af57b970,0x00000007af580000)
  to   space 10752K, 0% used [0x00000007b3580000,0x00000007b3580000,0x00000007b4000000)
 ParOldGen       total 175104K, used 508K [0x0000000780000000, 0x000000078ab00000, 0x00000007aab00000)
  object space 175104K, 0% used [0x0000000780000000,0x000000078007f090,0x000000078ab00000)
 Metaspace       used 5779K, capacity 6832K, committed 7040K, reserved 1056768K
  class space    used 584K, capacity 616K, committed 640K, reserved 1048576K
}
Event: 2.382 GC heap before
{Heap before GC invocations=2 (full 0):
 PSYoungGen      total 76288K, used 76270K [0x00000007aab00000, 0x00000007b4000000, 0x00000007c0000000)
  eden space 65536K, 100% used [0x00000007aab00000,0x00000007aeb00000,0x00000007aeb00000)
  from space 10752K, 99% used [0x00000007aeb00000,0x00000007af57b970,0x00000007af580000)
  to   space 10752K, 0% used [0x00000007b3580000,0x00000007b3580000,0x00000007b4000000)
 ParOldGen       total 175104K, used 508K [0x0000000780000000, 0x000000078ab00000, 0x00000007aab00000)
  object space 175104K, 0% used [0x0000000780000000,0x000000078007f090,0x000000078ab00000)
 Metaspace       used 5910K, capacity 6960K, committed 7040K, reserved 1056768K
  class space    used 584K, capacity 616K, committed 640K, reserved 1048576K
Event: 2.411 GC heap after
Heap after GC invocations=2 (full 0):
 PSYoungGen      total 141824K, used 10746K [0x00000007aab00000, 0x00000007b4000000, 0x00000007c0000000)
  eden space 131072K, 0% used [0x00000007aab00000,0x00000007aab00000,0x00000007b2b00000)
  from space 10752K, 99% used [0x00000007b3580000,0x00000007b3ffeb60,0x00000007b4000000)
  to   space 10752K, 0% used [0x00000007b2b00000,0x00000007b2b00000,0x00000007b3580000)
 ParOldGen       total 175104K, used 10080K [0x0000000780000000, 0x000000078ab00000, 0x00000007aab00000)
  object space 175104K, 5% used [0x0000000780000000,0x00000007809d8018,0x000000078ab00000)
 Metaspace       used 5910K, capacity 6960K, committed 7040K, reserved 1056768K
  class space    used 584K, capacity 616K, committed 640K, reserved 1048576K
}
Event: 3.566 GC heap before
{Heap before GC invocations=3 (full 0):
 PSYoungGen      total 141824K, used 141818K [0x00000007aab00000, 0x00000007b4000000, 0x00000007c0000000)
  eden space 131072K, 100% used [0x00000007aab00000,0x00000007b2b00000,0x00000007b2b00000)
  from space 10752K, 99% used [0x00000007b3580000,0x00000007b3ffeb60,0x00000007b4000000)
  to   space 10752K, 0% used [0x00000007b2b00000,0x00000007b2b00000,0x00000007b3580000)
 ParOldGen       total 175104K, used 10089K [0x0000000780000000, 0x000000078ab00000, 0x00000007aab00000)
  object space 175104K, 5% used [0x0000000780000000,0x00000007809da728,0x000000078ab00000)
 Metaspace       used 6047K, capacity 7088K, committed 7296K, reserved 1056768K
  class space    used 584K, capacity 616K, committed 640K, reserved 1048576K
Event: 3.595 GC heap after
Heap after GC invocations=3 (full 0):
 PSYoungGen      total 141824K, used 10739K [0x00000007aab00000, 0x00000007bc000000, 0x00000007c0000000)
  eden space 131072K, 0% used [0x00000007aab00000,0x00000007aab00000,0x00000007b2b00000)
  from space 10752K, 99% used [0x00000007b2b00000,0x00000007b357cef0,0x00000007b3580000)
  to   space 10752K, 0% used [0x00000007bb580000,0x00000007bb580000,0x00000007bc000000)
 ParOldGen       total 175104K, used 28530K [0x0000000780000000, 0x000000078ab00000, 0x00000007aab00000)
  object space 175104K, 16% used [0x0000000780000000,0x0000000781bdc920,0x000000078ab00000)
 Metaspace       used 6047K, capacity 7088K, committed 7296K, reserved 1056768K
  class space    used 584K, capacity 616K, committed 640K, reserved 1048576K
}

Deoptimization events (10 events):
Event: 4.251 Thread 0x00007fcd5c834800 Uncommon trap: reason=class_check action=maybe_recompile pc=0x000000010694098c method=java.util.Arrays.hashCode([Ljava/lang/Object;)I @ 43
Event: 4.251 Thread 0x00007fcd5c834800 Uncommon trap: reason=class_check action=maybe_recompile pc=0x000000010694098c method=java.util.Arrays.hashCode([Ljava/lang/Object;)I @ 43
Event: 4.251 Thread 0x00007fcd5c834800 Uncommon trap: reason=unstable_if action=reinterpret pc=0x00000001066c13f8 method=java.lang.String.replace(CC)Ljava/lang/String; @ 26
Event: 4.252 Thread 0x00007fcd5c834800 Uncommon trap: reason=class_check action=maybe_recompile pc=0x000000010694098c method=java.util.Arrays.hashCode([Ljava/lang/Object;)I @ 43
Event: 4.280 Thread 0x00007fcd5c834800 Uncommon trap: reason=class_check action=maybe_recompile pc=0x000000010694098c method=java.util.Arrays.hashCode([Ljava/lang/Object;)I @ 43
Event: 4.303 Thread 0x00007fcd5c834800 Uncommon trap: reason=unstable_if action=reinterpret pc=0x0000000106a9a394 method=java.util.HashMap.putVal(ILjava/lang/Object;Ljava/lang/Object;ZZ)Ljava/lang/Object; @ 94
Event: 4.728 Thread 0x00007fcd5c834800 Uncommon trap: reason=class_check action=maybe_recompile pc=0x0000000106748a9c method=com.android.dx.util.FixedSizeList.equals(Ljava/lang/Object;)Z @ 25
Event: 4.729 Thread 0x00007fcd5c834800 Uncommon trap: reason=class_check action=maybe_recompile pc=0x0000000106748a9c method=com.android.dx.util.FixedSizeList.equals(Ljava/lang/Object;)Z @ 25
Event: 4.729 Thread 0x00007fcd5c834800 Uncommon trap: reason=class_check action=maybe_recompile pc=0x0000000106748a9c method=com.android.dx.util.FixedSizeList.equals(Ljava/lang/Object;)Z @ 25
Event: 4.729 Thread 0x00007fcd5c834800 Uncommon trap: reason=class_check action=maybe_recompile pc=0x0000000106748a9c method=com.android.dx.util.FixedSizeList.equals(Ljava/lang/Object;)Z @ 25

Internal exceptions (10 events):
Event: 0.145 Thread 0x00007fcd5c801800 Exception <a 'java/security/PrivilegedActionException'> (0x00000007aaba6c98) thrown at [/Users/java_re/workspace/8-2-build-macosx-x86_64/jdk8u92/6642/hotspot/src/share/vm/prims/jvm.cpp, line 1386]
Event: 0.146 Thread 0x00007fcd5c801800 Exception <a 'java/util/zip/ZipException'> (0x00000007aaba7a18) thrown at [/Users/java_re/workspace/8-2-build-macosx-x86_64/jdk8u92/6642/hotspot/src/share/vm/prims/jni.cpp, line 709]
Event: 0.146 Thread 0x00007fcd5c801800 Exception <a 'java/security/PrivilegedActionException'> (0x00000007aaba7c20) thrown at [/Users/java_re/workspace/8-2-build-macosx-x86_64/jdk8u92/6642/hotspot/src/share/vm/prims/jvm.cpp, line 1386]
Event: 0.146 Thread 0x00007fcd5c801800 Exception <a 'java/security/PrivilegedActionException'> (0x00000007aaba7e30) thrown at [/Users/java_re/workspace/8-2-build-macosx-x86_64/jdk8u92/6642/hotspot/src/share/vm/prims/jvm.cpp, line 1386]
Event: 0.148 Thread 0x00007fcd5c801800 Exception <a 'java/util/zip/ZipException'> (0x00000007aabb9838) thrown at [/Users/java_re/workspace/8-2-build-macosx-x86_64/jdk8u92/6642/hotspot/src/share/vm/prims/jni.cpp, line 709]
Event: 0.148 Thread 0x00007fcd5c801800 Exception <a 'java/security/PrivilegedActionException'> (0x00000007aabb9a40) thrown at [/Users/java_re/workspace/8-2-build-macosx-x86_64/jdk8u92/6642/hotspot/src/share/vm/prims/jvm.cpp, line 1386]
Event: 0.148 Thread 0x00007fcd5c801800 Exception <a 'java/security/PrivilegedActionException'> (0x00000007aabb9c50) thrown at [/Users/java_re/workspace/8-2-build-macosx-x86_64/jdk8u92/6642/hotspot/src/share/vm/prims/jvm.cpp, line 1386]
Event: 1.869 Thread 0x00007fcd5d8e9000 Implicit null exception at 0x000000010671d1e2 to 0x000000010671d2e3
Event: 3.861 Thread 0x00007fcd5d882800 Implicit null exception at 0x0000000106833b49 to 0x0000000106835311
Event: 3.861 Thread 0x00007fcd5d882800 Implicit null exception at 0x000000010681f44b to 0x0000000106820af1

Events (10 events):
Event: 5.076 Thread 0x00007fcd5c834800 DEOPT PACKING pc=0x0000000106b6dcc7 sp=0x0000700001658190
Event: 5.076 Thread 0x00007fcd5c834800 DEOPT UNPACKING pc=0x000000010652f633 sp=0x0000700001657f88 mode 0
Event: 5.077 Thread 0x00007fcd5c834800 DEOPT PACKING pc=0x0000000106b68071 sp=0x00007000016581a0
Event: 5.077 Thread 0x00007fcd5c834800 DEOPT UNPACKING pc=0x000000010652f633 sp=0x0000700001657f48 mode 0
Event: 5.081 Thread 0x00007fcd5c834800 DEOPT PACKING pc=0x0000000106b65ad8 sp=0x0000700001658190
Event: 5.081 Thread 0x00007fcd5c834800 DEOPT UNPACKING pc=0x000000010652f633 sp=0x0000700001657f10 mode 0
Event: 5.263 Thread 0x00007fcd5c834800 DEOPT PACKING pc=0x0000000106b68071 sp=0x00007000016581a0
Event: 5.263 Thread 0x00007fcd5c834800 DEOPT UNPACKING pc=0x000000010652f633 sp=0x0000700001657f38 mode 0
Event: 5.267 Thread 0x00007fcd5c834800 DEOPT PACKING pc=0x0000000106b65ac1 sp=0x0000700001658190
Event: 5.267 Thread 0x00007fcd5c834800 DEOPT UNPACKING pc=0x000000010652f633 sp=0x0000700001657f00 mode 0


Dynamic libraries:
0x0000000000184000 	/System/Library/Frameworks/Cocoa.framework/Versions/A/Cocoa
0x0000000000184000 	/System/Library/Frameworks/Security.framework/Versions/A/Security
0x0000000000184000 	/System/Library/Frameworks/ApplicationServices.framework/Versions/A/ApplicationServices
0x0000000000184000 	/usr/lib/libz.1.dylib
0x0000000000184000 	/usr/lib/libSystem.B.dylib
0x0000000000184000 	/usr/lib/libobjc.A.dylib
0x0000000000184000 	/System/Library/Frameworks/CoreFoundation.framework/Versions/A/CoreFoundation
0x0000000000184000 	/System/Library/Frameworks/Foundation.framework/Versions/C/Foundation
0x0000000000184000 	/System/Library/Frameworks/AppKit.framework/Versions/C/AppKit
0x0000000000184000 	/System/Library/Frameworks/CoreData.framework/Versions/A/CoreData
0x0000000000184000 	/System/Library/PrivateFrameworks/RemoteViewServices.framework/Versions/A/RemoteViewServices
0x0000000000184000 	/System/Library/PrivateFrameworks/UIFoundation.framework/Versions/A/UIFoundation
0x0000000000184000 	/usr/lib/libScreenReader.dylib
0x0000000000184000 	/System/Library/Frameworks/Accelerate.framework/Versions/A/Accelerate
0x0000000000184000 	/System/Library/Frameworks/IOSurface.framework/Versions/A/IOSurface
0x0000000000184000 	/System/Library/Frameworks/AudioToolbox.framework/Versions/A/AudioToolbox
0x0000000000184000 	/System/Library/Frameworks/AudioUnit.framework/Versions/A/AudioUnit
0x0000000000184000 	/System/Library/PrivateFrameworks/DataDetectorsCore.framework/Versions/A/DataDetectorsCore
0x0000000000184000 	/System/Library/PrivateFrameworks/DesktopServicesPriv.framework/Versions/A/DesktopServicesPriv
0x0000000000184000 	/System/Library/Frameworks/Carbon.framework/Versions/A/Frameworks/HIToolbox.framework/Versions/A/HIToolbox
0x0000000000184000 	/System/Library/Frameworks/QuartzCore.framework/Versions/A/QuartzCore
0x0000000000184000 	/System/Library/Frameworks/Carbon.framework/Versions/A/Frameworks/SpeechRecognition.framework/Versions/A/SpeechRecognition
0x0000000000184000 	/usr/lib/libauto.dylib
0x0000000000184000 	/usr/lib/libicucore.A.dylib
0x0000000000184000 	/usr/lib/libxml2.2.dylib
0x0000000000184000 	/System/Library/PrivateFrameworks/CoreUI.framework/Versions/A/CoreUI
0x0000000000184000 	/System/Library/Frameworks/CoreAudio.framework/Versions/A/CoreAudio
0x0000000000184000 	/System/Library/Frameworks/DiskArbitration.framework/Versions/A/DiskArbitration
0x0000000000184000 	/usr/lib/liblangid.dylib
0x0000000000184000 	/System/Library/PrivateFrameworks/MultitouchSupport.framework/Versions/A/MultitouchSupport
0x0000000000184000 	/System/Library/Frameworks/IOKit.framework/Versions/A/IOKit
0x0000000000184000 	/usr/lib/libDiagnosticMessagesClient.dylib
0x0000000000184000 	/System/Library/Frameworks/CoreServices.framework/Versions/A/CoreServices
0x0000000000184000 	/System/Library/PrivateFrameworks/PerformanceAnalysis.framework/Versions/A/PerformanceAnalysis
0x0000000000184000 	/System/Library/PrivateFrameworks/GenerationalStorage.framework/Versions/A/GenerationalStorage
0x0000000000184000 	/System/Library/Frameworks/OpenGL.framework/Versions/A/OpenGL
0x0000000000184000 	/System/Library/PrivateFrameworks/Sharing.framework/Versions/A/Sharing
0x0000000000184000 	/System/Library/Frameworks/CoreGraphics.framework/Versions/A/CoreGraphics
0x0000000000184000 	/System/Library/Frameworks/CoreImage.framework/Versions/A/CoreImage
0x0000000000184000 	/System/Library/Frameworks/CoreText.framework/Versions/A/CoreText
0x0000000000184000 	/System/Library/Frameworks/ImageIO.framework/Versions/A/ImageIO
0x0000000000184000 	/System/Library/PrivateFrameworks/Backup.framework/Versions/A/Backup
0x0000000000184000 	/usr/lib/libextension.dylib
0x0000000000184000 	/usr/lib/libarchive.2.dylib
0x0000000000184000 	/System/Library/Frameworks/CFNetwork.framework/Versions/A/CFNetwork
0x0000000000184000 	/System/Library/Frameworks/SystemConfiguration.framework/Versions/A/SystemConfiguration
0x0000000000184000 	/usr/lib/libCRFSuite.dylib
0x0000000000184000 	/usr/lib/libc++.1.dylib
0x0000000000184000 	/usr/lib/libc++abi.dylib
0x0000000000184000 	/usr/lib/system/libcache.dylib
0x0000000000184000 	/usr/lib/system/libcommonCrypto.dylib
0x0000000000184000 	/usr/lib/system/libcompiler_rt.dylib
0x0000000000184000 	/usr/lib/system/libcopyfile.dylib
0x0000000000184000 	/usr/lib/system/libcorecrypto.dylib
0x0000000000184000 	/usr/lib/system/libdispatch.dylib
0x0000000000184000 	/usr/lib/system/libdyld.dylib
0x0000000000184000 	/usr/lib/system/libkeymgr.dylib
0x0000000000184000 	/usr/lib/system/liblaunch.dylib
0x0000000000184000 	/usr/lib/system/libmacho.dylib
0x0000000000184000 	/usr/lib/system/libquarantine.dylib
0x0000000000184000 	/usr/lib/system/libremovefile.dylib
0x0000000000184000 	/usr/lib/system/libsystem_asl.dylib
0x0000000000184000 	/usr/lib/system/libsystem_blocks.dylib
0x0000000000184000 	/usr/lib/system/libsystem_c.dylib
0x0000000000184000 	/usr/lib/system/libsystem_configuration.dylib
0x0000000000184000 	/usr/lib/system/libsystem_coreservices.dylib
0x0000000000184000 	/usr/lib/system/libsystem_coretls.dylib
0x0000000000184000 	/usr/lib/system/libsystem_dnssd.dylib
0x0000000000184000 	/usr/lib/system/libsystem_info.dylib
0x0000000000184000 	/usr/lib/system/libsystem_kernel.dylib
0x0000000000184000 	/usr/lib/system/libsystem_m.dylib
0x0000000000184000 	/usr/lib/system/libsystem_malloc.dylib
0x0000000000184000 	/usr/lib/system/libsystem_network.dylib
0x0000000000184000 	/usr/lib/system/libsystem_networkextension.dylib
0x0000000000184000 	/usr/lib/system/libsystem_notify.dylib
0x0000000000184000 	/usr/lib/system/libsystem_platform.dylib
0x0000000000184000 	/usr/lib/system/libsystem_pthread.dylib
0x0000000000184000 	/usr/lib/system/libsystem_sandbox.dylib
0x0000000000184000 	/usr/lib/system/libsystem_secinit.dylib
0x0000000000184000 	/usr/lib/system/libsystem_trace.dylib
0x0000000000184000 	/usr/lib/system/libunc.dylib
0x0000000000184000 	/usr/lib/system/libunwind.dylib
0x0000000000184000 	/usr/lib/system/libxpc.dylib
0x0000000000184000 	/usr/lib/libenergytrace.dylib
0x0000000000184000 	/usr/lib/libbsm.0.dylib
0x0000000000184000 	/usr/lib/system/libkxld.dylib
0x0000000000184000 	/usr/lib/libxar.1.dylib
0x0000000000184000 	/usr/lib/libsqlite3.dylib
0x0000000000184000 	/usr/lib/libpam.2.dylib
0x0000000000184000 	/usr/lib/libOpenScriptingUtil.dylib
0x0000000000184000 	/usr/lib/libbz2.1.0.dylib
0x0000000000184000 	/usr/lib/liblzma.5.dylib
0x0000000000184000 	/System/Library/Frameworks/CoreServices.framework/Versions/A/Frameworks/FSEvents.framework/Versions/A/FSEvents
0x0000000000184000 	/System/Library/Frameworks/CoreServices.framework/Versions/A/Frameworks/CarbonCore.framework/Versions/A/CarbonCore
0x0000000000184000 	/System/Library/Frameworks/CoreServices.framework/Versions/A/Frameworks/Metadata.framework/Versions/A/Metadata
0x0000000000184000 	/System/Library/Frameworks/CoreServices.framework/Versions/A/Frameworks/OSServices.framework/Versions/A/OSServices
0x0000000000184000 	/System/Library/Frameworks/CoreServices.framework/Versions/A/Frameworks/SearchKit.framework/Versions/A/SearchKit
0x0000000000184000 	/System/Library/Frameworks/CoreServices.framework/Versions/A/Frameworks/AE.framework/Versions/A/AE
0x0000000000184000 	/System/Library/Frameworks/CoreServices.framework/Versions/A/Frameworks/LaunchServices.framework/Versions/A/LaunchServices
0x0000000000184000 	/System/Library/Frameworks/CoreServices.framework/Versions/A/Frameworks/DictionaryServices.framework/Versions/A/DictionaryServices
0x0000000000184000 	/System/Library/Frameworks/CoreServices.framework/Versions/A/Frameworks/SharedFileList.framework/Versions/A/SharedFileList
0x0000000000184000 	/System/Library/Frameworks/NetFS.framework/Versions/A/NetFS
0x0000000000184000 	/System/Library/PrivateFrameworks/NetAuth.framework/Versions/A/NetAuth
0x0000000000184000 	/System/Library/PrivateFrameworks/login.framework/Versions/A/Frameworks/loginsupport.framework/Versions/A/loginsupport
0x0000000000184000 	/System/Library/PrivateFrameworks/TCC.framework/Versions/A/TCC
0x0000000000184000 	/usr/lib/libmecabra.dylib
0x0000000000184000 	/System/Library/Frameworks/ApplicationServices.framework/Versions/A/Frameworks/ATS.framework/Versions/A/ATS
0x0000000000184000 	/System/Library/Frameworks/ApplicationServices.framework/Versions/A/Frameworks/ColorSync.framework/Versions/A/ColorSync
0x0000000000184000 	/System/Library/Frameworks/ApplicationServices.framework/Versions/A/Frameworks/HIServices.framework/Versions/A/HIServices
0x0000000000184000 	/System/Library/Frameworks/ApplicationServices.framework/Versions/A/Frameworks/LangAnalysis.framework/Versions/A/LangAnalysis
0x0000000000184000 	/System/Library/Frameworks/ApplicationServices.framework/Versions/A/Frameworks/PrintCore.framework/Versions/A/PrintCore
0x0000000000184000 	/System/Library/Frameworks/ApplicationServices.framework/Versions/A/Frameworks/QD.framework/Versions/A/QD
0x0000000000184000 	/System/Library/Frameworks/ApplicationServices.framework/Versions/A/Frameworks/SpeechSynthesis.framework/Versions/A/SpeechSynthesis
0x0000000000184000 	/System/Library/Frameworks/Metal.framework/Versions/A/Metal
0x0000000000184000 	/System/Library/Frameworks/Accelerate.framework/Versions/A/Frameworks/vImage.framework/Versions/A/vImage
0x0000000000184000 	/System/Library/Frameworks/Accelerate.framework/Versions/A/Frameworks/vecLib.framework/Versions/A/vecLib
0x0000000000184000 	/System/Library/Frameworks/Accelerate.framework/Versions/A/Frameworks/vecLib.framework/Versions/A/libvDSP.dylib
0x0000000000184000 	/System/Library/Frameworks/Accelerate.framework/Versions/A/Frameworks/vecLib.framework/Versions/A/libvMisc.dylib
0x0000000000184000 	/System/Library/Frameworks/Accelerate.framework/Versions/A/Frameworks/vecLib.framework/Versions/A/libLAPACK.dylib
0x0000000000184000 	/System/Library/Frameworks/Accelerate.framework/Versions/A/Frameworks/vecLib.framework/Versions/A/libBLAS.dylib
0x0000000000184000 	/System/Library/Frameworks/Accelerate.framework/Versions/A/Frameworks/vecLib.framework/Versions/A/libLinearAlgebra.dylib
0x0000000000184000 	/System/Library/Frameworks/Accelerate.framework/Versions/A/Frameworks/vecLib.framework/Versions/A/libSparseBLAS.dylib
0x0000000000184000 	/System/Library/PrivateFrameworks/GPUCompiler.framework/libmetal_timestamp.dylib
0x0000000000184000 	/System/Library/Frameworks/OpenGL.framework/Versions/A/Libraries/libCoreFSCache.dylib
0x0000000000184000 	/System/Library/PrivateFrameworks/IOAccelerator.framework/Versions/A/IOAccelerator
0x0000000000184000 	/System/Library/Frameworks/ApplicationServices.framework/Versions/A/Frameworks/ATS.framework/Versions/A/Resources/libFontParser.dylib
0x0000000000184000 	/System/Library/Frameworks/ApplicationServices.framework/Versions/A/Frameworks/ATS.framework/Versions/A/Resources/libFontRegistry.dylib
0x0000000000184000 	/System/Library/PrivateFrameworks/AppleVPA.framework/Versions/A/AppleVPA
0x0000000000184000 	/System/Library/PrivateFrameworks/AppleJPEG.framework/Versions/A/AppleJPEG
0x0000000000184000 	/System/Library/Frameworks/ImageIO.framework/Versions/A/Resources/libJPEG.dylib
0x0000000000184000 	/System/Library/Frameworks/ImageIO.framework/Versions/A/Resources/libTIFF.dylib
0x0000000000184000 	/System/Library/Frameworks/ImageIO.framework/Versions/A/Resources/libPng.dylib
0x0000000000184000 	/System/Library/Frameworks/ImageIO.framework/Versions/A/Resources/libGIF.dylib
0x0000000000184000 	/System/Library/Frameworks/ImageIO.framework/Versions/A/Resources/libJP2.dylib
0x0000000000184000 	/System/Library/Frameworks/ImageIO.framework/Versions/A/Resources/libRadiance.dylib
0x0000000000184000 	/System/Library/Frameworks/CoreVideo.framework/Versions/A/CoreVideo
0x0000000000184000 	/System/Library/Frameworks/OpenGL.framework/Versions/A/Libraries/libGLU.dylib
0x0000000000184000 	/System/Library/Frameworks/OpenGL.framework/Versions/A/Libraries/libGFXShared.dylib
0x0000000000184000 	/System/Library/Frameworks/OpenGL.framework/Versions/A/Libraries/libGL.dylib
0x0000000000184000 	/System/Library/Frameworks/OpenGL.framework/Versions/A/Libraries/libGLImage.dylib
0x0000000000184000 	/System/Library/Frameworks/OpenGL.framework/Versions/A/Libraries/libCVMSPluginSupport.dylib
0x0000000000184000 	/System/Library/Frameworks/OpenGL.framework/Versions/A/Libraries/libCoreVMClient.dylib
0x0000000000184000 	/usr/lib/libcompression.dylib
0x0000000000184000 	/usr/lib/libcups.2.dylib
0x0000000000184000 	/System/Library/Frameworks/Kerberos.framework/Versions/A/Kerberos
0x0000000000184000 	/System/Library/Frameworks/GSS.framework/Versions/A/GSS
0x0000000000184000 	/usr/lib/libresolv.9.dylib
0x0000000000184000 	/usr/lib/libiconv.2.dylib
0x0000000000184000 	/System/Library/PrivateFrameworks/Heimdal.framework/Versions/A/Heimdal
0x0000000000184000 	/usr/lib/libheimdal-asn1.dylib
0x0000000000184000 	/System/Library/Frameworks/OpenDirectory.framework/Versions/A/OpenDirectory
0x0000000000184000 	/System/Library/PrivateFrameworks/CommonAuth.framework/Versions/A/CommonAuth
0x0000000000184000 	/System/Library/Frameworks/OpenDirectory.framework/Versions/A/Frameworks/CFOpenDirectory.framework/Versions/A/CFOpenDirectory
0x0000000000184000 	/System/Library/Frameworks/SecurityFoundation.framework/Versions/A/SecurityFoundation
0x0000000000184000 	/System/Library/PrivateFrameworks/LanguageModeling.framework/Versions/A/LanguageModeling
0x0000000000184000 	/usr/lib/libmarisa.dylib
0x0000000000184000 	/usr/lib/libChineseTokenizer.dylib
0x0000000000184000 	/usr/lib/libcmph.dylib
0x0000000000184000 	/System/Library/Frameworks/ServiceManagement.framework/Versions/A/ServiceManagement
0x0000000000184000 	/usr/lib/libxslt.1.dylib
0x0000000000184000 	/System/Library/Frameworks/Carbon.framework/Versions/A/Frameworks/Ink.framework/Versions/A/Ink
0x0000000000184000 	/usr/lib/libFosl_dynamic.dylib
0x0000000000184000 	/System/Library/PrivateFrameworks/FaceCore.framework/Versions/A/FaceCore
0x0000000000184000 	/System/Library/Frameworks/OpenCL.framework/Versions/A/OpenCL
0x0000000000184000 	/System/Library/PrivateFrameworks/CrashReporterSupport.framework/Versions/A/CrashReporterSupport
0x0000000000184000 	/System/Library/PrivateFrameworks/IconServices.framework/Versions/A/IconServices
0x0000000000184000 	/System/Library/PrivateFrameworks/Apple80211.framework/Versions/A/Apple80211
0x0000000000184000 	/System/Library/Frameworks/CoreWLAN.framework/Versions/A/CoreWLAN
0x0000000000184000 	/System/Library/Frameworks/IOBluetooth.framework/Versions/A/IOBluetooth
0x0000000000184000 	/System/Library/PrivateFrameworks/CoreWiFi.framework/Versions/A/CoreWiFi
0x0000000000184000 	/System/Library/Frameworks/CoreBluetooth.framework/Versions/A/CoreBluetooth
0x0000000000184000 	/System/Library/PrivateFrameworks/ChunkingLibrary.framework/Versions/A/ChunkingLibrary
0x0000000000184000 	/System/Library/PrivateFrameworks/DebugSymbols.framework/Versions/A/DebugSymbols
0x0000000000184000 	/System/Library/PrivateFrameworks/CoreSymbolication.framework/Versions/A/CoreSymbolication
0x0000000000184000 	/System/Library/PrivateFrameworks/Symbolication.framework/Versions/A/Symbolication
0x0000000000184000 	/System/Library/PrivateFrameworks/SpeechRecognitionCore.framework/Versions/A/SpeechRecognitionCore
0x00000001054b7000 	/System/Library/CoreServices/Encodings/libSimplifiedChineseConverter.dylib
0x00000001054fb000 	/Library/Java/JavaVirtualMachines/jdk1.8.0_92.jdk/Contents/Home/jre/lib/server/libjvm.dylib
0x0000000000184000 	/usr/lib/libstdc++.6.dylib
0x0000000106492000 	/Library/Java/JavaVirtualMachines/jdk1.8.0_92.jdk/Contents/Home/jre/lib/libverify.dylib
0x00000001064a0000 	/Library/Java/JavaVirtualMachines/jdk1.8.0_92.jdk/Contents/Home/jre/lib/libjava.dylib
0x00000001064df000 	/Library/Java/JavaVirtualMachines/jdk1.8.0_92.jdk/Contents/Home/jre/lib/libzip.dylib
0x000000011b56c000 	/System/Library/Frameworks/JavaVM.framework/Frameworks/JavaRuntimeSupport.framework/JavaRuntimeSupport
0x000000011b587000 	/System/Library/Frameworks/JavaVM.framework/Versions/A/Frameworks/JavaNativeFoundation.framework/Versions/A/JavaNativeFoundation
0x000000011b59c000 	/System/Library/Frameworks/JavaVM.framework/Versions/A/JavaVM
0x0000000000184000 	/System/Library/Frameworks/Carbon.framework/Versions/A/Carbon
0x000000011b5a9000 	/System/Library/PrivateFrameworks/JavaLaunching.framework/Versions/A/JavaLaunching
0x0000000000184000 	/System/Library/Frameworks/Carbon.framework/Versions/A/Frameworks/CommonPanels.framework/Versions/A/CommonPanels
0x0000000000184000 	/System/Library/Frameworks/Carbon.framework/Versions/A/Frameworks/Help.framework/Versions/A/Help
0x0000000000184000 	/System/Library/Frameworks/Carbon.framework/Versions/A/Frameworks/ImageCapture.framework/Versions/A/ImageCapture
0x0000000000184000 	/System/Library/Frameworks/Carbon.framework/Versions/A/Frameworks/OpenScripting.framework/Versions/A/OpenScripting
0x0000000000184000 	/System/Library/Frameworks/Carbon.framework/Versions/A/Frameworks/Print.framework/Versions/A/Print
0x0000000000184000 	/System/Library/Frameworks/Carbon.framework/Versions/A/Frameworks/SecurityHI.framework/Versions/A/SecurityHI

VM Arguments:
jvm_args: -Djava.awt.headless=true -Xmx1024M -Dfile.encoding=UTF-8 -Duser.country=CN -Duser.language=zh -Duser.variant 
java_command: com.android.dx.command.Main --dex --force-jumbo --num-threads=4 --multi-dex --output /Users/bailiangjin/dev/workspace/kevinswork/android/studio/lib/BaseLibrary/demoapp/build/intermediates/transforms/dex/armv7_debug/debug/folders/1000/10/com.google.android.gms-play-services-basement-8.1.0_8b0ad173a6c60d83f70e49d438322536a1a60f61 /Users/bailiangjin/dev/workspace/kevinswork/android/studio/lib/BaseLibrary/demoapp/build/intermediates/exploded-aar/com.google.android.gms/play-services-basement/8.1.0/jars/classes.jar
java_class_path (initial): /Users/bailiangjin/Library/Android/sdk/build-tools/23.0.1/lib/dx.jar
Launcher Type: SUN_STANDARD

Environment Variables:
PATH=/usr/bin:/bin:/usr/sbin:/sbin
SHELL=/bin/bash

Signal Handlers:
SIGSEGV: [libjvm.dylib+0x5aa779], sa_mask[0]=11111111011111110111111111111111, sa_flags=SA_ONSTACK|SA_RESTART|SA_SIGINFO
SIGBUS: [libjvm.dylib+0x5aa779], sa_mask[0]=11111111011111110111111111111111, sa_flags=SA_RESTART|SA_SIGINFO
SIGFPE: [libjvm.dylib+0x4831d0], sa_mask[0]=11111111011111110111111111111111, sa_flags=SA_RESTART|SA_SIGINFO
SIGPIPE: [libjvm.dylib+0x4831d0], sa_mask[0]=11111111011111110111111111111111, sa_flags=SA_RESTART|SA_SIGINFO
SIGXFSZ: [libjvm.dylib+0x4831d0], sa_mask[0]=11111111011111110111111111111111, sa_flags=SA_RESTART|SA_SIGINFO
SIGILL: [libjvm.dylib+0x4831d0], sa_mask[0]=11111111011111110111111111111111, sa_flags=SA_RESTART|SA_SIGINFO
SIGUSR1: SIG_DFL, sa_mask[0]=00000000000000000000000000000000, sa_flags=none
SIGUSR2: [libjvm.dylib+0x482cee], sa_mask[0]=00100000000000000000000000000000, sa_flags=SA_RESTART|SA_SIGINFO
SIGHUP: [libjvm.dylib+0x4812c5], sa_mask[0]=11111111011111110111111111111111, sa_flags=SA_RESTART|SA_SIGINFO
SIGINT: [libjvm.dylib+0x4812c5], sa_mask[0]=11111111011111110111111111111111, sa_flags=SA_RESTART|SA_SIGINFO
SIGTERM: [libjvm.dylib+0x4812c5], sa_mask[0]=11111111011111110111111111111111, sa_flags=SA_RESTART|SA_SIGINFO
SIGQUIT: [libjvm.dylib+0x4812c5], sa_mask[0]=11111111011111110111111111111111, sa_flags=SA_RESTART|SA_SIGINFO


---------------  S Y S T E M  ---------------

OS:Bsduname:Darwin 15.6.0 Darwin Kernel Version 15.6.0: Mon Aug 29 20:21:34 PDT 2016; root:xnu-3248.60.11~1/RELEASE_X86_64 x86_64
rlimit: STACK 8192k, CORE 0k, NPROC 709, NOFILE 10240, AS infinity
load average:36.51 10.06 5.23

CPU:total 8 (4 cores per cpu, 2 threads per core) family 6 model 70 stepping 1, cmov, cx8, fxsr, mmx, sse, sse2, sse3, ssse3, sse4.1, sse4.2, popcnt, avx, avx2, aes, clmul, erms, lzcnt, ht, tsc, tscinvbit, bmi1, bmi2

Memory: 4k page, physical 16777216k(179992k free)

/proc/meminfo:


vm_info: Java HotSpot(TM) 64-Bit Server VM (25.92-b14) for bsd-amd64 JRE (1.8.0_92-b14), built on Mar 31 2016 21:23:14 by "java_re" with gcc 4.2.1 (Based on Apple Inc. build 5658) (LLVM build 2336.11.00)

time: Wed Sep  7 17:58:53 2016
elapsed time: 5 seconds (0d 0h 0m 5s)

