#
# A fatal error has been detected by the Java Runtime Environment:
#
#  SIGSEGV (0xb) at pc=0x000000010a2c51d2, pid=672, tid=0x0000000000003403
#
# JRE version: Java(TM) SE Runtime Environment (8.0_92-b14) (build 1.8.0_92-b14)
# Java VM: Java HotSpot(TM) 64-Bit Server VM (25.92-b14 mixed mode bsd-amd64 compressed oops)
# Problematic frame:
# V  [libjvm.dylib+0x4c51d2]
#
# Failed to write core dump. Core dumps have been disabled. To enable core dumping, try "ulimit -c unlimited" before starting Java again
#
# If you would like to submit a bug report, please visit:
#   http://bugreport.java.com/bugreport/crash.jsp
#

---------------  T H R E A D  ---------------

Current thread (0x00007fe66680c800):  VMThread [stack: 0x0000700000a35000,0x0000700000b35000] [id=13315]

siginfo: si_signo: 11 (SIGSEGV), si_code: 1 (SEGV_MAPERR), si_addr: 0x00000005da6ef0c0

Registers:
RAX=0x000000010a635a30, RBX=0x00000007bb4dddf8, RCX=0x0000000000000003, RDX=0x00000005da6ef018
RSP=0x0000700000b34570, RBP=0x0000700000b34570, RSI=0x00000007bb4dddf8, RDI=0x0000700000b345d0
R8 =0x00000000f800016d, R9 =0x0000700000b34a90, R10=0x00000007b33f9ad0, R11=0x0000000006774280
R12=0x00007fe66a5e6de0, R13=0x00007fe664104770, R14=0x0000700000b345d0, R15=0x00007fe6625012e0
RIP=0x000000010a2c51d2, EFLAGS=0x0000000000010206, ERR=0x0000000000000004
  TRAPNO=0x000000000000000e

Top of Stack: (sp=0x0000700000b34570)
0x0000700000b34570:   0000700000b345a0 000000010a25e0f6
0x0000700000b34580:   0000700000b345f0 0000700000b345d0
0x0000700000b34590:   00007fe6625010d0 0000000000000000
0x0000700000b345a0:   0000700000b345c0 000000010a2c740f
0x0000700000b345b0:   00007fe6625010d0 00007fe664104590
0x0000700000b345c0:   0000700000b34630 000000010a2c38e6
0x0000700000b345d0:   000000010a62d340 000000010a2c1c00
0x0000700000b345e0:   00007fe662704860 00007fe66a5e6800
0x0000700000b345f0:   00007fe66a5e6e40 00007fe66a5ee7e8
0x0000700000b34600:   00000000000083b0 0000700000b34728
0x0000700000b34610:   0000700000b34728 00007fe66a5e6de0
0x0000700000b34620:   00007fe664104590 0000000000000000
0x0000700000b34630:   0000700000b34ac0 000000010a2c45ff
0x0000700000b34640:   000000010a6e9040 00007fe600000025
0x0000700000b34650:   0000003000000001 0000700000000001
0x0000700000b34660:   000000000cd3d470 000000001fd3a740
0x0000700000b34670:   00007fe663000e00 0000000012ffd2d0
0x0000700000b34680:   0000000e00000010 00007fe6625010d0
0x0000700000b34690:   00007fe664301820 00007fe664009890
0x0000700000b346a0:   00007fe662501160 0000000112aca270
0x0000700000b346b0:   0000003000000010 0000700000b34c50
0x0000700000b346c0:   0000700000b34b70 000000010a07761c
0x0000700000b346d0:   00007fe6659ff028 0000700000b34780
0x0000700000b346e0:   4b003660472da793 0000700000b34820
0x0000700000b346f0:   00007fff765fb6b8 000000010a40ed08
0x0000700000b34700:   ffffffffffffffff 0000000000000000
0x0000700000b34710:   000000010a62d360 00007fff8826d600
0x0000700000b34720:   00007fe663000e00 000000010a40d45f
0x0000700000b34730:   0000700001a60000 000000010a6e9040
0x0000700000b34740:   000002234a663995 0000000000000000
0x0000700000b34750:   000000010a6e8e80 0000000000000000
0x0000700000b34760:   000000000000089c 0000000000000374 

Instructions: (pc=0x000000010a2c51d2)
0x000000010a2c51b2:   41 00 80 38 00 74 15 48 8d 05 70 08 37 00 8a 48
0x000000010a2c51c2:   08 8b 56 08 48 d3 e2 48 03 10 eb 04 48 8b 56 08
0x000000010a2c51d2:   48 8b 82 a8 00 00 00 48 89 45 f8 48 8b 45 f8 48
0x000000010a2c51e2:   89 06 5d c3 55 48 89 e5 48 8d 05 84 62 14 00 5d 

Register to memory mapping:

RAX=0x000000010a635a30: _ZN8Universe13_narrow_klassE+0 in /Library/Java/JavaVirtualMachines/jdk1.8.0_92.jdk/Contents/Home/jre/lib/server/libjvm.dylib at 0x0000000109e00000
RBX=0x00000007bb4dddf8 is an oop

[error occurred during error reporting (printing register info), id 0xb]

Stack: [0x0000700000a35000,0x0000700000b35000],  sp=0x0000700000b34570,  free space=1021k
Native frames: (J=compiled Java code, j=interpreted, Vv=VM code, C=native code)
V  [libjvm.dylib+0x4c51d2]
V  [libjvm.dylib+0x45e0f6]
V  [libjvm.dylib+0x4c740f]
V  [libjvm.dylib+0x4c38e6]
V  [libjvm.dylib+0x4c45ff]
V  [libjvm.dylib+0x4c4da0]
V  [libjvm.dylib+0x497ef9]
V  [libjvm.dylib+0x5ab33c]
V  [libjvm.dylib+0x5b1a55]
V  [libjvm.dylib+0x5b00bf]
V  [libjvm.dylib+0x5b050c]
V  [libjvm.dylib+0x5afe2b]
V  [libjvm.dylib+0x485bbe]
C  [libsystem_pthread.dylib+0x399d]  _pthread_body+0x83
C  [libsystem_pthread.dylib+0x391a]  _pthread_body+0x0
C  [libsystem_pthread.dylib+0x1351]  thread_start+0xd

VM_Operation (0x0000700001a5f478): ParallelGCFailedAllocation, mode: safepoint, requested by thread 0x00007fe6665a2800


---------------  P R O C E S S  ---------------

Java Threads: ( => current thread )
  0x00007fe669db2000 JavaThread "Stdin handler" [_thread_blocked, id=28443, stack(0x0000700001b6b000,0x0000700001c6b000)]
  0x00007fe668af8800 JavaThread "Asynchronous log dispatcher for org.gradle.launcher.daemon.server.DefaultDaemonConnection@fd8d800" [_thread_blocked, id=34835, stack(0x0000700001a68000,0x0000700001b68000)]
  0x00007fe6665a2800 JavaThread "Daemon worker Thread 5" [_thread_blocked, id=53779, stack(0x0000700001965000,0x0000700001a65000)]
  0x00007fe669db0800 JavaThread "Cancel handler" [_thread_blocked, id=41235, stack(0x0000700001862000,0x0000700001962000)]
  0x00007fe669db0000 JavaThread "Handler for socket connection from /127.0.0.1:54328 to /127.0.0.1:52853" [_thread_in_native, id=57367, stack(0x000070000175f000,0x000070000185f000)]
  0x00007fe66a244800 JavaThread "Daemon Thread 5" [_thread_blocked, id=23315, stack(0x0000700000d3e000,0x0000700000e3e000)]
  0x00007fe666237800 JavaThread "pool-3-thread-1" [_thread_blocked, id=49427, stack(0x00007000028bd000,0x00007000029bd000)]
  0x00007fe66488f000 JavaThread "pool-3-thread-2" [_thread_blocked, id=59919, stack(0x00007000027ba000,0x00007000028ba000)]
  0x00007fe666b26800 JavaThread "pool-3-thread-3" [_thread_blocked, id=59407, stack(0x00007000026b7000,0x00007000027b7000)]
  0x00007fe668ee7000 JavaThread "pool-3-thread-4" [_thread_blocked, id=57871, stack(0x00007000025b4000,0x00007000026b4000)]
  0x00007fe6637f7000 JavaThread "File lock request listener" [_thread_in_native, id=26883, stack(0x0000700001d9c000,0x0000700001e9c000)]
  0x00007fe66311a000 JavaThread "Incoming local TCP Connector on port 54328" [_thread_in_native, id=22787, stack(0x000070000165c000,0x000070000175c000)]
  0x00007fe6652a7000 JavaThread "pool-1-thread-1" [_thread_blocked, id=22275, stack(0x0000700001559000,0x0000700001659000)]
  0x00007fe66383e800 JavaThread "Service Thread" daemon [_thread_blocked, id=21251, stack(0x0000700001353000,0x0000700001453000)]
  0x00007fe665003800 JavaThread "C1 CompilerThread3" daemon [_thread_blocked, id=20739, stack(0x0000700001250000,0x0000700001350000)]
  0x00007fe66382e000 JavaThread "C2 CompilerThread2" daemon [_thread_blocked, id=20227, stack(0x000070000114d000,0x000070000124d000)]
  0x00007fe665809000 JavaThread "C2 CompilerThread1" daemon [_thread_in_native, id=19715, stack(0x000070000104a000,0x000070000114a000)]
  0x00007fe66381d000 JavaThread "C2 CompilerThread0" daemon [_thread_blocked, id=19203, stack(0x0000700000f47000,0x0000700001047000)]
  0x00007fe66381c000 JavaThread "Signal Dispatcher" daemon [_thread_blocked, id=14863, stack(0x0000700000e44000,0x0000700000f44000)]
  0x00007fe665805000 JavaThread "Finalizer" daemon [_thread_blocked, id=14339, stack(0x0000700000c3b000,0x0000700000d3b000)]
  0x00007fe665804000 JavaThread "Reference Handler" daemon [_thread_blocked, id=13827, stack(0x0000700000b38000,0x0000700000c38000)]
  0x00007fe664805000 JavaThread "main" [_thread_blocked, id=5891, stack(0x000070000011a000,0x000070000021a000)]

Other Threads:
=>0x00007fe66680c800 VMThread [stack: 0x0000700000a35000,0x0000700000b35000] [id=13315]
  0x00007fe666836800 WatcherThread [stack: 0x0000700001456000,0x0000700001556000] [id=21763]

VM state:at safepoint (normal execution)

VM Mutex/Monitor currently owned by a thread:  ([mutex/lock_event])
[0x00007fe664007900] Threads_lock - owner thread: 0x00007fe66680c800
[0x00007fe664007e00] Heap_lock - owner thread: 0x00007fe6665a2800

Heap:
 PSYoungGen      total 232960K, used 210165K [0x00000007aab00000, 0x00000007c0000000, 0x00000007c0000000)
  eden space 116736K, 100% used [0x00000007aab00000,0x00000007b1d00000,0x00000007b1d00000)
  from space 116224K, 80% used [0x00000007b8e80000,0x00000007be9bd470,0x00000007c0000000)
  to   space 116224K, 20% used [0x00000007b1d00000,0x00000007b33f9ad0,0x00000007b8e80000)
 ParOldGen       total 699392K, used 382680K [0x0000000780000000, 0x00000007aab00000, 0x00000007aab00000)
  object space 699392K, 54% used [0x0000000780000000,0x00000007975b6350,0x00000007aab00000)
 Metaspace       used 95141K, capacity 98442K, committed 98688K, reserved 1134592K
  class space    used 11750K, capacity 12577K, committed 12672K, reserved 1048576K

Card table byte_map: [0x000000011a157000,0x000000011a358000] byte_map_base: 0x0000000116557000

Marking Bits: (ParMarkBitMap*) 0x000000010a6e8bd0
 Begin Bits: [0x000000011a4ae000, 0x000000011b4ae000)
 End Bits:   [0x000000011b4ae000, 0x000000011c4ae000)

Polling page: 0x0000000108cf1000

CodeCache: size=245760Kb used=61130Kb max_used=61182Kb free=184629Kb
 bounds [0x000000010ad97000, 0x000000010e9c7000, 0x0000000119d97000]
 total_blobs=17409 nmethods=16606 adapters=713
 compilation: enabled

Compilation events (10 events):
Event: 2350.508 Thread 0x00007fe665003800 21528       3       org.gradle.api.internal.ClosureBackedAction::<init> (8 bytes)
Event: 2350.508 Thread 0x00007fe665003800 nmethod 21528 0x000000010e0aa150 code [0x000000010e0aa2c0, 0x000000010e0aa4f0]
Event: 2350.509 Thread 0x00007fe665003800 21530       3       org.gradle.api.internal.file.copy.SingleParentCopySpec::<init> (12 bytes)
Event: 2350.509 Thread 0x00007fe665003800 nmethod 21530 0x000000010bb5d390 code [0x000000010bb5d500, 0x000000010bb5d6c8]
Event: 2350.510 Thread 0x00007fe665003800 21532       3       org.gradle.api.internal.tasks.DefaultTaskDependency::<init> (6 bytes)
Event: 2350.510 Thread 0x00007fe665003800 nmethod 21532 0x000000010c872f10 code [0x000000010c8730c0, 0x000000010c8736d0]
Event: 2350.516 Thread 0x00007fe665003800 21533       3       org.gradle.internal.resolve.result.DefaultBuildableModuleVersionListingResolveResult::isAuthoritative (9 bytes)
Event: 2350.516 Thread 0x00007fe665003800 nmethod 21533 0x000000010e0a9ad0 code [0x000000010e0a9c60, 0x000000010e0a9fe8]
Event: 2350.522 Thread 0x00007fe665003800 21535       3       org.apache.xerces.parsers.XML11Configuration::setDTDHandler (6 bytes)
Event: 2350.523 Thread 0x00007fe665003800 nmethod 21535 0x000000010d47b9d0 code [0x000000010d47bb20, 0x000000010d47bc90]

GC Heap History (10 events):
Event: 1023.242 GC heap after
Heap after GC invocations=33 (full 7):
 PSYoungGen      total 212992K, used 0K [0x00000007aab00000, 0x00000007c0000000, 0x00000007c0000000)
  eden space 116736K, 0% used [0x00000007aab00000,0x00000007aab00000,0x00000007b1d00000)
  from space 96256K, 0% used [0x00000007ba200000,0x00000007ba200000,0x00000007c0000000)
  to   space 116224K, 0% used [0x00000007b1d00000,0x00000007b1d00000,0x00000007b8e80000)
 ParOldGen       total 481280K, used 305960K [0x0000000780000000, 0x000000079d600000, 0x00000007aab00000)
  object space 481280K, 63% used [0x0000000780000000,0x0000000792aca270,0x000000079d600000)
 Metaspace       used 90265K, capacity 93054K, committed 93696K, reserved 1130496K
  class space    used 11172K, capacity 11921K, committed 12032K, reserved 1048576K
}
Event: 1088.561 GC heap before
{Heap before GC invocations=34 (full 7):
 PSYoungGen      total 212992K, used 116736K [0x00000007aab00000, 0x00000007c0000000, 0x00000007c0000000)
  eden space 116736K, 100% used [0x00000007aab00000,0x00000007b1d00000,0x00000007b1d00000)
  from space 96256K, 0% used [0x00000007ba200000,0x00000007ba200000,0x00000007c0000000)
  to   space 116224K, 0% used [0x00000007b1d00000,0x00000007b1d00000,0x00000007b8e80000)
 ParOldGen       total 481280K, used 305960K [0x0000000780000000, 0x000000079d600000, 0x00000007aab00000)
  object space 481280K, 63% used [0x0000000780000000,0x0000000792aca270,0x000000079d600000)
 Metaspace       used 90646K, capacity 93850K, committed 93952K, reserved 1130496K
  class space    used 11228K, capacity 12015K, committed 12032K, reserved 1048576K
Event: 1088.568 GC heap after
Heap after GC invocations=34 (full 7):
 PSYoungGen      total 232960K, used 6288K [0x00000007aab00000, 0x00000007c0000000, 0x00000007c0000000)
  eden space 116736K, 0% used [0x00000007aab00000,0x00000007aab00000,0x00000007b1d00000)
  from space 116224K, 5% used [0x00000007b1d00000,0x00000007b2324010,0x00000007b8e80000)
  to   space 116224K, 0% used [0x00000007b8e80000,0x00000007b8e80000,0x00000007c0000000)
 ParOldGen       total 481280K, used 305968K [0x0000000780000000, 0x000000079d600000, 0x00000007aab00000)
  object space 481280K, 63% used [0x0000000780000000,0x0000000792acc270,0x000000079d600000)
 Metaspace       used 90646K, capacity 93850K, committed 93952K, reserved 1130496K
  class space    used 11228K, capacity 12015K, committed 12032K, reserved 1048576K
}
Event: 1089.097 GC heap before
{Heap before GC invocations=35 (full 7):
 PSYoungGen      total 232960K, used 123024K [0x00000007aab00000, 0x00000007c0000000, 0x00000007c0000000)
  eden space 116736K, 100% used [0x00000007aab00000,0x00000007b1d00000,0x00000007b1d00000)
  from space 116224K, 5% used [0x00000007b1d00000,0x00000007b2324010,0x00000007b8e80000)
  to   space 116224K, 0% used [0x00000007b8e80000,0x00000007b8e80000,0x00000007c0000000)
 ParOldGen       total 481280K, used 305968K [0x0000000780000000, 0x000000079d600000, 0x00000007aab00000)
  object space 481280K, 63% used [0x0000000780000000,0x0000000792acc270,0x000000079d600000)
 Metaspace       used 90849K, capacity 94000K, committed 94336K, reserved 1132544K
  class space    used 11242K, capacity 12040K, committed 12160K, reserved 1048576K
Event: 1089.113 GC heap after
Heap after GC invocations=35 (full 7):
 PSYoungGen      total 231936K, used 24295K [0x00000007aab00000, 0x00000007bff00000, 0x00000007c0000000)
  eden space 116736K, 0% used [0x00000007aab00000,0x00000007aab00000,0x00000007b1d00000)
  from space 115200K, 21% used [0x00000007b8e80000,0x00000007ba639ee0,0x00000007bff00000)
  to   space 115712K, 0% used [0x00000007b1d00000,0x00000007b1d00000,0x00000007b8e00000)
 ParOldGen       total 481280K, used 305976K [0x0000000780000000, 0x000000079d600000, 0x00000007aab00000)
  object space 481280K, 63% used [0x0000000780000000,0x0000000792ace270,0x000000079d600000)
 Metaspace       used 90849K, capacity 94000K, committed 94336K, reserved 1132544K
  class space    used 11242K, capacity 12040K, committed 12160K, reserved 1048576K
}
Event: 1089.653 GC heap before
{Heap before GC invocations=36 (full 7):
 PSYoungGen      total 231936K, used 141031K [0x00000007aab00000, 0x00000007bff00000, 0x00000007c0000000)
  eden space 116736K, 100% used [0x00000007aab00000,0x00000007b1d00000,0x00000007b1d00000)
  from space 115200K, 21% used [0x00000007b8e80000,0x00000007ba639ee0,0x00000007bff00000)
  to   space 115712K, 0% used [0x00000007b1d00000,0x00000007b1d00000,0x00000007b8e00000)
 ParOldGen       total 481280K, used 305976K [0x0000000780000000, 0x000000079d600000, 0x00000007aab00000)
  object space 481280K, 63% used [0x0000000780000000,0x0000000792ace270,0x000000079d600000)
 Metaspace       used 94968K, capacity 98162K, committed 98432K, reserved 1134592K
  class space    used 11740K, capacity 12569K, committed 12672K, reserved 1048576K
Event: 1089.689 GC heap after
Heap after GC invocations=36 (full 7):
 PSYoungGen      total 232448K, used 83487K [0x00000007aab00000, 0x00000007c0000000, 0x00000007c0000000)
  eden space 116736K, 0% used [0x00000007aab00000,0x00000007aab00000,0x00000007b1d00000)
  from space 115712K, 72% used [0x00000007b1d00000,0x00000007b6e87d18,0x00000007b8e00000)
  to   space 116224K, 0% used [0x00000007b8e80000,0x00000007b8e80000,0x00000007c0000000)
 ParOldGen       total 481280K, used 305984K [0x0000000780000000, 0x000000079d600000, 0x00000007aab00000)
  object space 481280K, 63% used [0x0000000780000000,0x0000000792ad0270,0x000000079d600000)
 Metaspace       used 94968K, capacity 98162K, committed 98432K, reserved 1134592K
  class space    used 11740K, capacity 12569K, committed 12672K, reserved 1048576K
}
Event: 1099.248 GC heap before
{Heap before GC invocations=37 (full 7):
 PSYoungGen      total 232448K, used 200223K [0x00000007aab00000, 0x00000007c0000000, 0x00000007c0000000)
  eden space 116736K, 100% used [0x00000007aab00000,0x00000007b1d00000,0x00000007b1d00000)
  from space 115712K, 72% used [0x00000007b1d00000,0x00000007b6e87d18,0x00000007b8e00000)
  to   space 116224K, 0% used [0x00000007b8e80000,0x00000007b8e80000,0x00000007c0000000)
 ParOldGen       total 481280K, used 305984K [0x0000000780000000, 0x000000079d600000, 0x00000007aab00000)
  object space 481280K, 63% used [0x0000000780000000,0x0000000792ad0270,0x000000079d600000)
 Metaspace       used 94980K, capacity 98226K, committed 98432K, reserved 1134592K
  class space    used 11740K, capacity 12569K, committed 12672K, reserved 1048576K
Event: 1099.286 GC heap after
Heap after GC invocations=37 (full 7):
 PSYoungGen      total 232960K, used 93429K [0x00000007aab00000, 0x00000007c0000000, 0x00000007c0000000)
  eden space 116736K, 0% used [0x00000007aab00000,0x00000007aab00000,0x00000007b1d00000)
  from space 116224K, 80% used [0x00000007b8e80000,0x00000007be9bd470,0x00000007c0000000)
  to   space 116224K, 0% used [0x00000007b1d00000,0x00000007b1d00000,0x00000007b8e80000)
 ParOldGen       total 481280K, used 311284K [0x0000000780000000, 0x000000079d600000, 0x00000007aab00000)
  object space 481280K, 64% used [0x0000000780000000,0x0000000792ffd2d0,0x000000079d600000)
 Metaspace       used 94980K, capacity 98226K, committed 98432K, reserved 1134592K
  class space    used 11740K, capacity 12569K, committed 12672K, reserved 1048576K
}
Event: 2350.537 GC heap before
{Heap before GC invocations=38 (full 7):
 PSYoungGen      total 232960K, used 210165K [0x00000007aab00000, 0x00000007c0000000, 0x00000007c0000000)
  eden space 116736K, 100% used [0x00000007aab00000,0x00000007b1d00000,0x00000007b1d00000)
  from space 116224K, 80% used [0x00000007b8e80000,0x00000007be9bd470,0x00000007c0000000)
  to   space 116224K, 0% used [0x00000007b1d00000,0x00000007b1d00000,0x00000007b8e80000)
 ParOldGen       total 481280K, used 311284K [0x0000000780000000, 0x000000079d600000, 0x00000007aab00000)
  object space 481280K, 64% used [0x0000000780000000,0x0000000792ffd2d0,0x000000079d600000)
 Metaspace       used 95141K, capacity 98442K, committed 98688K, reserved 1134592K
  class space    used 11750K, capacity 12577K, committed 12672K, reserved 1048576K

Deoptimization events (10 events):
Event: 1089.777 Thread 0x00007fe66861d000 Uncommon trap: reason=bimorphic action=maybe_recompile pc=0x000000010cafbf78 method=com.sun.tools.javac.code.Types$SameTypeVisitor.visitClassType(Lcom/sun/tools/javac/code/Type$ClassType;Lcom/sun/tools/javac/code/Type;)Ljava/lang/Boolean; @ 300
Event: 1089.813 Thread 0x00007fe66861d000 Uncommon trap: reason=bimorphic action=maybe_recompile pc=0x000000010e552a64 method=com.sun.tools.javac.tree.TreeInfo.flags(Lcom/sun/tools/javac/tree/JCTree;)J @ 4
Event: 1089.813 Thread 0x00007fe66861d000 Uncommon trap: reason=bimorphic action=maybe_recompile pc=0x000000010e552a64 method=com.sun.tools.javac.tree.TreeInfo.flags(Lcom/sun/tools/javac/tree/JCTree;)J @ 4
Event: 1089.813 Thread 0x00007fe66861d000 Uncommon trap: reason=bimorphic action=maybe_recompile pc=0x000000010e552a64 method=com.sun.tools.javac.tree.TreeInfo.flags(Lcom/sun/tools/javac/tree/JCTree;)J @ 4
Event: 1089.814 Thread 0x00007fe66861d000 Uncommon trap: reason=bimorphic action=maybe_recompile pc=0x000000010e552a64 method=com.sun.tools.javac.tree.TreeInfo.flags(Lcom/sun/tools/javac/tree/JCTree;)J @ 4
Event: 1089.835 Thread 0x00007fe66861d000 Uncommon trap: reason=unstable_if action=reinterpret pc=0x000000010e5fbb38 method=com.sun.tools.javac.comp.Flow$AssignAnalyzer.isFinalUninitializedField(Lcom/sun/tools/javac/code/Symbol$VarSymbol;)Z @ 23
Event: 1089.835 Thread 0x00007fe66861d000 Uncommon trap: reason=unstable_if action=reinterpret pc=0x000000010e5fb7c4 method=com.sun.tools.javac.comp.Flow$AssignAnalyzer.isFinalUninitializedField(Lcom/sun/tools/javac/code/Symbol$VarSymbol;)Z @ 23
Event: 1090.205 Thread 0x00007fe66488f000 Uncommon trap: reason=unstable_if action=reinterpret pc=0x000000010b716430 method=java.lang.ref.SoftReference.get()Ljava/lang/Object; @ 6
Event: 1096.379 Thread 0x00007fe66488f000 Uncommon trap: reason=unstable_if action=reinterpret pc=0x000000010c767c44 method=java.lang.ref.SoftReference.get()Ljava/lang/Object; @ 6
Event: 1098.330 Thread 0x00007fe666237800 Uncommon trap: reason=unstable_if action=reinterpret pc=0x000000010af42c48 method=java.lang.ref.SoftReference.get()Ljava/lang/Object; @ 6

Internal exceptions (10 events):
Event: 1088.183 Thread 0x00007fe66861d000 Exception <a 'java/lang/ClassNotFoundException': asLocalRepo3_6uq2otak9y79vrqxdv9v9jf66Customizer> (0x00000007ab258aa8) thrown at [/Users/java_re/workspace/8-2-build-macosx-x86_64/jdk8u92/6642/hotspot/src/share/vm/classfile/systemDictionary.cpp, line 210]
Event: 1088.495 Thread 0x00007fe66861d000 Exception <a 'java/lang/reflect/InvocationTargetException'> (0x00000007b08bb770) thrown at [/Users/java_re/workspace/8-2-build-macosx-x86_64/jdk8u92/6642/hotspot/src/share/vm/runtime/reflection.cpp, line 1092]
Event: 1089.178 Thread 0x00007fe66861d000 Exception <a 'java/lang/NoSuchMethodError': <clinit>> (0x00000007abd1f398) thrown at [/Users/java_re/workspace/8-2-build-macosx-x86_64/jdk8u92/6642/hotspot/src/share/vm/prims/jni.cpp, line 1613]
Event: 1089.358 Thread 0x00007fe66861d000 Exception <a 'java/lang/ClassNotFoundException': com/sun/org/glassfish/hk2/osgiresourcelocator/ServiceLoader> (0x00000007af3414f0) thrown at [/Users/java_re/workspace/8-2-build-macosx-x86_64/jdk8u92/6642/hotspot/src/share/vm/classfile/systemDictionary.cpp
Event: 1090.205 Thread 0x00007fe66488f000 Implicit null exception at 0x000000010b715bca to 0x000000010b7163f1
Event: 1096.379 Thread 0x00007fe66488f000 Implicit null exception at 0x000000010c76728a to 0x000000010c767c05
Event: 1099.389 Thread 0x00007fe66861d000 Exception <a 'java/io/FileNotFoundException'> (0x00000007ab2c0c40) thrown at [/Users/java_re/workspace/8-2-build-macosx-x86_64/jdk8u92/6642/hotspot/src/share/vm/prims/jni.cpp, line 709]
Event: 2350.203 Thread 0x00007fe6665a2800 Exception <a 'java/lang/ClassNotFoundException': asLocalRepo4_dz633ytweooty7g3h4unkc685BeanInfo> (0x00000007abdde8c0) thrown at [/Users/java_re/workspace/8-2-build-macosx-x86_64/jdk8u92/6642/hotspot/src/share/vm/classfile/systemDictionary.cpp, line 210]
Event: 2350.203 Thread 0x00007fe6665a2800 Exception <a 'java/lang/ClassNotFoundException': asLocalRepo4_dz633ytweooty7g3h4unkc685Customizer> (0x00000007abdea848) thrown at [/Users/java_re/workspace/8-2-build-macosx-x86_64/jdk8u92/6642/hotspot/src/share/vm/classfile/systemDictionary.cpp, line 210]
Event: 2350.506 Thread 0x00007fe6665a2800 Exception <a 'java/lang/reflect/InvocationTargetException'> (0x00000007b1380ba8) thrown at [/Users/java_re/workspace/8-2-build-macosx-x86_64/jdk8u92/6642/hotspot/src/share/vm/runtime/reflection.cpp, line 1092]

Events (10 events):
Event: 2350.469 Executing VM operation: RevokeBias done
Event: 2350.469 Executing VM operation: RevokeBias
Event: 2350.469 Executing VM operation: RevokeBias done
Event: 2350.469 Executing VM operation: RevokeBias
Event: 2350.470 Executing VM operation: RevokeBias done
Event: 2350.470 Executing VM operation: BulkRevokeBias
Event: 2350.470 Executing VM operation: BulkRevokeBias done
Event: 2350.472 Thread 0x00007fe665003800 flushing nmethod 0x000000010e0a9ad0
Event: 2350.474 Thread 0x00007fe665003800 flushing nmethod 0x000000010e559f50
Event: 2350.537 Executing VM operation: ParallelGCFailedAllocation


Dynamic libraries:
0x000000000612b000 	/System/Library/Frameworks/Cocoa.framework/Versions/A/Cocoa
0x000000000612b000 	/System/Library/Frameworks/Security.framework/Versions/A/Security
0x000000000612b000 	/System/Library/Frameworks/ApplicationServices.framework/Versions/A/ApplicationServices
0x000000000612b000 	/usr/lib/libz.1.dylib
0x000000000612b000 	/usr/lib/libSystem.B.dylib
0x000000000612b000 	/usr/lib/libobjc.A.dylib
0x000000000612b000 	/System/Library/Frameworks/CoreFoundation.framework/Versions/A/CoreFoundation
0x000000000612b000 	/System/Library/Frameworks/Foundation.framework/Versions/C/Foundation
0x000000000612b000 	/System/Library/Frameworks/AppKit.framework/Versions/C/AppKit
0x000000000612b000 	/System/Library/Frameworks/CoreData.framework/Versions/A/CoreData
0x000000000612b000 	/System/Library/PrivateFrameworks/RemoteViewServices.framework/Versions/A/RemoteViewServices
0x000000000612b000 	/System/Library/PrivateFrameworks/UIFoundation.framework/Versions/A/UIFoundation
0x000000000612b000 	/usr/lib/libScreenReader.dylib
0x000000000612b000 	/System/Library/Frameworks/Accelerate.framework/Versions/A/Accelerate
0x000000000612b000 	/System/Library/Frameworks/IOSurface.framework/Versions/A/IOSurface
0x000000000612b000 	/System/Library/Frameworks/AudioToolbox.framework/Versions/A/AudioToolbox
0x000000000612b000 	/System/Library/Frameworks/AudioUnit.framework/Versions/A/AudioUnit
0x000000000612b000 	/System/Library/PrivateFrameworks/DataDetectorsCore.framework/Versions/A/DataDetectorsCore
0x000000000612b000 	/System/Library/PrivateFrameworks/DesktopServicesPriv.framework/Versions/A/DesktopServicesPriv
0x000000000612b000 	/System/Library/Frameworks/Carbon.framework/Versions/A/Frameworks/HIToolbox.framework/Versions/A/HIToolbox
0x000000000612b000 	/System/Library/Frameworks/QuartzCore.framework/Versions/A/QuartzCore
0x000000000612b000 	/System/Library/Frameworks/Carbon.framework/Versions/A/Frameworks/SpeechRecognition.framework/Versions/A/SpeechRecognition
0x000000000612b000 	/usr/lib/libauto.dylib
0x000000000612b000 	/usr/lib/libicucore.A.dylib
0x000000000612b000 	/usr/lib/libxml2.2.dylib
0x000000000612b000 	/System/Library/PrivateFrameworks/CoreUI.framework/Versions/A/CoreUI
0x000000000612b000 	/System/Library/Frameworks/CoreAudio.framework/Versions/A/CoreAudio
0x000000000612b000 	/System/Library/Frameworks/DiskArbitration.framework/Versions/A/DiskArbitration
0x000000000612b000 	/usr/lib/liblangid.dylib
0x000000000612b000 	/System/Library/PrivateFrameworks/MultitouchSupport.framework/Versions/A/MultitouchSupport
0x000000000612b000 	/System/Library/Frameworks/IOKit.framework/Versions/A/IOKit
0x000000000612b000 	/usr/lib/libDiagnosticMessagesClient.dylib
0x000000000612b000 	/System/Library/Frameworks/CoreServices.framework/Versions/A/CoreServices
0x000000000612b000 	/System/Library/PrivateFrameworks/PerformanceAnalysis.framework/Versions/A/PerformanceAnalysis
0x000000000612b000 	/System/Library/PrivateFrameworks/GenerationalStorage.framework/Versions/A/GenerationalStorage
0x000000000612b000 	/System/Library/Frameworks/OpenGL.framework/Versions/A/OpenGL
0x000000000612b000 	/System/Library/PrivateFrameworks/Sharing.framework/Versions/A/Sharing
0x000000000612b000 	/System/Library/Frameworks/CoreGraphics.framework/Versions/A/CoreGraphics
0x000000000612b000 	/System/Library/Frameworks/CoreImage.framework/Versions/A/CoreImage
0x000000000612b000 	/System/Library/Frameworks/CoreText.framework/Versions/A/CoreText
0x000000000612b000 	/System/Library/Frameworks/ImageIO.framework/Versions/A/ImageIO
0x000000000612b000 	/System/Library/PrivateFrameworks/Backup.framework/Versions/A/Backup
0x000000000612b000 	/usr/lib/libextension.dylib
0x000000000612b000 	/usr/lib/libarchive.2.dylib
0x000000000612b000 	/System/Library/Frameworks/CFNetwork.framework/Versions/A/CFNetwork
0x000000000612b000 	/System/Library/Frameworks/SystemConfiguration.framework/Versions/A/SystemConfiguration
0x000000000612b000 	/usr/lib/libCRFSuite.dylib
0x000000000612b000 	/usr/lib/libc++.1.dylib
0x000000000612b000 	/usr/lib/libc++abi.dylib
0x000000000612b000 	/usr/lib/system/libcache.dylib
0x000000000612b000 	/usr/lib/system/libcommonCrypto.dylib
0x000000000612b000 	/usr/lib/system/libcompiler_rt.dylib
0x000000000612b000 	/usr/lib/system/libcopyfile.dylib
0x000000000612b000 	/usr/lib/system/libcorecrypto.dylib
0x000000000612b000 	/usr/lib/system/libdispatch.dylib
0x000000000612b000 	/usr/lib/system/libdyld.dylib
0x000000000612b000 	/usr/lib/system/libkeymgr.dylib
0x000000000612b000 	/usr/lib/system/liblaunch.dylib
0x000000000612b000 	/usr/lib/system/libmacho.dylib
0x000000000612b000 	/usr/lib/system/libquarantine.dylib
0x000000000612b000 	/usr/lib/system/libremovefile.dylib
0x000000000612b000 	/usr/lib/system/libsystem_asl.dylib
0x000000000612b000 	/usr/lib/system/libsystem_blocks.dylib
0x000000000612b000 	/usr/lib/system/libsystem_c.dylib
0x000000000612b000 	/usr/lib/system/libsystem_configuration.dylib
0x000000000612b000 	/usr/lib/system/libsystem_coreservices.dylib
0x000000000612b000 	/usr/lib/system/libsystem_coretls.dylib
0x000000000612b000 	/usr/lib/system/libsystem_dnssd.dylib
0x000000000612b000 	/usr/lib/system/libsystem_info.dylib
0x000000000612b000 	/usr/lib/system/libsystem_kernel.dylib
0x000000000612b000 	/usr/lib/system/libsystem_m.dylib
0x000000000612b000 	/usr/lib/system/libsystem_malloc.dylib
0x000000000612b000 	/usr/lib/system/libsystem_network.dylib
0x000000000612b000 	/usr/lib/system/libsystem_networkextension.dylib
0x000000000612b000 	/usr/lib/system/libsystem_notify.dylib
0x000000000612b000 	/usr/lib/system/libsystem_platform.dylib
0x000000000612b000 	/usr/lib/system/libsystem_pthread.dylib
0x000000000612b000 	/usr/lib/system/libsystem_sandbox.dylib
0x000000000612b000 	/usr/lib/system/libsystem_secinit.dylib
0x000000000612b000 	/usr/lib/system/libsystem_trace.dylib
0x000000000612b000 	/usr/lib/system/libunc.dylib
0x000000000612b000 	/usr/lib/system/libunwind.dylib
0x000000000612b000 	/usr/lib/system/libxpc.dylib
0x000000000612b000 	/usr/lib/libenergytrace.dylib
0x000000000612b000 	/usr/lib/libbsm.0.dylib
0x000000000612b000 	/usr/lib/system/libkxld.dylib
0x000000000612b000 	/usr/lib/libxar.1.dylib
0x000000000612b000 	/usr/lib/libsqlite3.dylib
0x000000000612b000 	/usr/lib/libpam.2.dylib
0x000000000612b000 	/usr/lib/libOpenScriptingUtil.dylib
0x000000000612b000 	/usr/lib/libbz2.1.0.dylib
0x000000000612b000 	/usr/lib/liblzma.5.dylib
0x000000000612b000 	/System/Library/Frameworks/CoreServices.framework/Versions/A/Frameworks/FSEvents.framework/Versions/A/FSEvents
0x000000000612b000 	/System/Library/Frameworks/CoreServices.framework/Versions/A/Frameworks/CarbonCore.framework/Versions/A/CarbonCore
0x000000000612b000 	/System/Library/Frameworks/CoreServices.framework/Versions/A/Frameworks/Metadata.framework/Versions/A/Metadata
0x000000000612b000 	/System/Library/Frameworks/CoreServices.framework/Versions/A/Frameworks/OSServices.framework/Versions/A/OSServices
0x000000000612b000 	/System/Library/Frameworks/CoreServices.framework/Versions/A/Frameworks/SearchKit.framework/Versions/A/SearchKit
0x000000000612b000 	/System/Library/Frameworks/CoreServices.framework/Versions/A/Frameworks/AE.framework/Versions/A/AE
0x000000000612b000 	/System/Library/Frameworks/CoreServices.framework/Versions/A/Frameworks/LaunchServices.framework/Versions/A/LaunchServices
0x000000000612b000 	/System/Library/Frameworks/CoreServices.framework/Versions/A/Frameworks/DictionaryServices.framework/Versions/A/DictionaryServices
0x000000000612b000 	/System/Library/Frameworks/CoreServices.framework/Versions/A/Frameworks/SharedFileList.framework/Versions/A/SharedFileList
0x000000000612b000 	/System/Library/Frameworks/NetFS.framework/Versions/A/NetFS
0x000000000612b000 	/System/Library/PrivateFrameworks/NetAuth.framework/Versions/A/NetAuth
0x000000000612b000 	/System/Library/PrivateFrameworks/login.framework/Versions/A/Frameworks/loginsupport.framework/Versions/A/loginsupport
0x000000000612b000 	/System/Library/PrivateFrameworks/TCC.framework/Versions/A/TCC
0x000000000612b000 	/usr/lib/libmecabra.dylib
0x000000000612b000 	/System/Library/Frameworks/ApplicationServices.framework/Versions/A/Frameworks/ATS.framework/Versions/A/ATS
0x000000000612b000 	/System/Library/Frameworks/ApplicationServices.framework/Versions/A/Frameworks/ColorSync.framework/Versions/A/ColorSync
0x000000000612b000 	/System/Library/Frameworks/ApplicationServices.framework/Versions/A/Frameworks/HIServices.framework/Versions/A/HIServices
0x000000000612b000 	/System/Library/Frameworks/ApplicationServices.framework/Versions/A/Frameworks/LangAnalysis.framework/Versions/A/LangAnalysis
0x000000000612b000 	/System/Library/Frameworks/ApplicationServices.framework/Versions/A/Frameworks/PrintCore.framework/Versions/A/PrintCore
0x000000000612b000 	/System/Library/Frameworks/ApplicationServices.framework/Versions/A/Frameworks/QD.framework/Versions/A/QD
0x000000000612b000 	/System/Library/Frameworks/ApplicationServices.framework/Versions/A/Frameworks/SpeechSynthesis.framework/Versions/A/SpeechSynthesis
0x000000000612b000 	/System/Library/Frameworks/Metal.framework/Versions/A/Metal
0x000000000612b000 	/System/Library/Frameworks/Accelerate.framework/Versions/A/Frameworks/vImage.framework/Versions/A/vImage
0x000000000612b000 	/System/Library/Frameworks/Accelerate.framework/Versions/A/Frameworks/vecLib.framework/Versions/A/vecLib
0x000000000612b000 	/System/Library/Frameworks/Accelerate.framework/Versions/A/Frameworks/vecLib.framework/Versions/A/libvDSP.dylib
0x000000000612b000 	/System/Library/Frameworks/Accelerate.framework/Versions/A/Frameworks/vecLib.framework/Versions/A/libvMisc.dylib
0x000000000612b000 	/System/Library/Frameworks/Accelerate.framework/Versions/A/Frameworks/vecLib.framework/Versions/A/libLAPACK.dylib
0x000000000612b000 	/System/Library/Frameworks/Accelerate.framework/Versions/A/Frameworks/vecLib.framework/Versions/A/libBLAS.dylib
0x000000000612b000 	/System/Library/Frameworks/Accelerate.framework/Versions/A/Frameworks/vecLib.framework/Versions/A/libLinearAlgebra.dylib
0x000000000612b000 	/System/Library/Frameworks/Accelerate.framework/Versions/A/Frameworks/vecLib.framework/Versions/A/libSparseBLAS.dylib
0x000000000612b000 	/System/Library/PrivateFrameworks/GPUCompiler.framework/libmetal_timestamp.dylib
0x000000000612b000 	/System/Library/Frameworks/OpenGL.framework/Versions/A/Libraries/libCoreFSCache.dylib
0x000000000612b000 	/System/Library/PrivateFrameworks/IOAccelerator.framework/Versions/A/IOAccelerator
0x000000000612b000 	/System/Library/Frameworks/ApplicationServices.framework/Versions/A/Frameworks/ATS.framework/Versions/A/Resources/libFontParser.dylib
0x000000000612b000 	/System/Library/Frameworks/ApplicationServices.framework/Versions/A/Frameworks/ATS.framework/Versions/A/Resources/libFontRegistry.dylib
0x000000000612b000 	/System/Library/PrivateFrameworks/AppleVPA.framework/Versions/A/AppleVPA
0x000000000612b000 	/System/Library/PrivateFrameworks/AppleJPEG.framework/Versions/A/AppleJPEG
0x000000000612b000 	/System/Library/Frameworks/ImageIO.framework/Versions/A/Resources/libJPEG.dylib
0x000000000612b000 	/System/Library/Frameworks/ImageIO.framework/Versions/A/Resources/libTIFF.dylib
0x000000000612b000 	/System/Library/Frameworks/ImageIO.framework/Versions/A/Resources/libPng.dylib
0x000000000612b000 	/System/Library/Frameworks/ImageIO.framework/Versions/A/Resources/libGIF.dylib
0x000000000612b000 	/System/Library/Frameworks/ImageIO.framework/Versions/A/Resources/libJP2.dylib
0x000000000612b000 	/System/Library/Frameworks/ImageIO.framework/Versions/A/Resources/libRadiance.dylib
0x000000000612b000 	/System/Library/Frameworks/CoreVideo.framework/Versions/A/CoreVideo
0x000000000612b000 	/System/Library/Frameworks/OpenGL.framework/Versions/A/Libraries/libGLU.dylib
0x000000000612b000 	/System/Library/Frameworks/OpenGL.framework/Versions/A/Libraries/libGFXShared.dylib
0x000000000612b000 	/System/Library/Frameworks/OpenGL.framework/Versions/A/Libraries/libGL.dylib
0x000000000612b000 	/System/Library/Frameworks/OpenGL.framework/Versions/A/Libraries/libGLImage.dylib
0x000000000612b000 	/System/Library/Frameworks/OpenGL.framework/Versions/A/Libraries/libCVMSPluginSupport.dylib
0x000000000612b000 	/System/Library/Frameworks/OpenGL.framework/Versions/A/Libraries/libCoreVMClient.dylib
0x000000000612b000 	/usr/lib/libcompression.dylib
0x000000000612b000 	/usr/lib/libcups.2.dylib
0x000000000612b000 	/System/Library/Frameworks/Kerberos.framework/Versions/A/Kerberos
0x000000000612b000 	/System/Library/Frameworks/GSS.framework/Versions/A/GSS
0x000000000612b000 	/usr/lib/libresolv.9.dylib
0x000000000612b000 	/usr/lib/libiconv.2.dylib
0x000000000612b000 	/System/Library/PrivateFrameworks/Heimdal.framework/Versions/A/Heimdal
0x000000000612b000 	/usr/lib/libheimdal-asn1.dylib
0x000000000612b000 	/System/Library/Frameworks/OpenDirectory.framework/Versions/A/OpenDirectory
0x000000000612b000 	/System/Library/PrivateFrameworks/CommonAuth.framework/Versions/A/CommonAuth
0x000000000612b000 	/System/Library/Frameworks/OpenDirectory.framework/Versions/A/Frameworks/CFOpenDirectory.framework/Versions/A/CFOpenDirectory
0x000000000612b000 	/System/Library/Frameworks/SecurityFoundation.framework/Versions/A/SecurityFoundation
0x000000000612b000 	/System/Library/PrivateFrameworks/LanguageModeling.framework/Versions/A/LanguageModeling
0x000000000612b000 	/usr/lib/libmarisa.dylib
0x000000000612b000 	/usr/lib/libChineseTokenizer.dylib
0x000000000612b000 	/usr/lib/libcmph.dylib
0x000000000612b000 	/System/Library/Frameworks/ServiceManagement.framework/Versions/A/ServiceManagement
0x000000000612b000 	/usr/lib/libxslt.1.dylib
0x000000000612b000 	/System/Library/Frameworks/Carbon.framework/Versions/A/Frameworks/Ink.framework/Versions/A/Ink
0x000000000612b000 	/usr/lib/libFosl_dynamic.dylib
0x000000000612b000 	/System/Library/PrivateFrameworks/FaceCore.framework/Versions/A/FaceCore
0x000000000612b000 	/System/Library/Frameworks/OpenCL.framework/Versions/A/OpenCL
0x000000000612b000 	/System/Library/PrivateFrameworks/CrashReporterSupport.framework/Versions/A/CrashReporterSupport
0x000000000612b000 	/System/Library/PrivateFrameworks/IconServices.framework/Versions/A/IconServices
0x000000000612b000 	/System/Library/PrivateFrameworks/Apple80211.framework/Versions/A/Apple80211
0x000000000612b000 	/System/Library/Frameworks/CoreWLAN.framework/Versions/A/CoreWLAN
0x000000000612b000 	/System/Library/Frameworks/IOBluetooth.framework/Versions/A/IOBluetooth
0x000000000612b000 	/System/Library/PrivateFrameworks/CoreWiFi.framework/Versions/A/CoreWiFi
0x000000000612b000 	/System/Library/Frameworks/CoreBluetooth.framework/Versions/A/CoreBluetooth
0x000000000612b000 	/System/Library/PrivateFrameworks/ChunkingLibrary.framework/Versions/A/ChunkingLibrary
0x000000000612b000 	/System/Library/PrivateFrameworks/DebugSymbols.framework/Versions/A/DebugSymbols
0x000000000612b000 	/System/Library/PrivateFrameworks/CoreSymbolication.framework/Versions/A/CoreSymbolication
0x000000000612b000 	/System/Library/PrivateFrameworks/Symbolication.framework/Versions/A/Symbolication
0x000000000612b000 	/System/Library/PrivateFrameworks/SpeechRecognitionCore.framework/Versions/A/SpeechRecognitionCore
0x0000000108c66000 	/System/Library/CoreServices/Encodings/libSimplifiedChineseConverter.dylib
0x0000000109e00000 	/Library/Java/JavaVirtualMachines/jdk1.8.0_92.jdk/Contents/Home/jre/lib/server/libjvm.dylib
0x000000000612b000 	/usr/lib/libstdc++.6.dylib
0x0000000108cae000 	/Library/Java/JavaVirtualMachines/jdk1.8.0_92.jdk/Contents/Home/jre/lib/libverify.dylib
0x0000000108cbc000 	/Library/Java/JavaVirtualMachines/jdk1.8.0_92.jdk/Contents/Home/jre/lib/libjava.dylib
0x0000000108cfb000 	/Library/Java/JavaVirtualMachines/jdk1.8.0_92.jdk/Contents/Home/jre/lib/libzip.dylib
0x000000011ed28000 	/System/Library/Frameworks/JavaVM.framework/Frameworks/JavaRuntimeSupport.framework/JavaRuntimeSupport
0x000000011ed43000 	/System/Library/Frameworks/JavaVM.framework/Versions/A/Frameworks/JavaNativeFoundation.framework/Versions/A/JavaNativeFoundation
0x0000000108ded000 	/System/Library/Frameworks/JavaVM.framework/Versions/A/JavaVM
0x000000000612b000 	/System/Library/Frameworks/Carbon.framework/Versions/A/Carbon
0x000000011ed58000 	/System/Library/PrivateFrameworks/JavaLaunching.framework/Versions/A/JavaLaunching
0x000000000612b000 	/System/Library/Frameworks/Carbon.framework/Versions/A/Frameworks/CommonPanels.framework/Versions/A/CommonPanels
0x000000000612b000 	/System/Library/Frameworks/Carbon.framework/Versions/A/Frameworks/Help.framework/Versions/A/Help
0x000000000612b000 	/System/Library/Frameworks/Carbon.framework/Versions/A/Frameworks/ImageCapture.framework/Versions/A/ImageCapture
0x000000000612b000 	/System/Library/Frameworks/Carbon.framework/Versions/A/Frameworks/OpenScripting.framework/Versions/A/OpenScripting
0x000000000612b000 	/System/Library/Frameworks/Carbon.framework/Versions/A/Frameworks/Print.framework/Versions/A/Print
0x000000000612b000 	/System/Library/Frameworks/Carbon.framework/Versions/A/Frameworks/SecurityHI.framework/Versions/A/SecurityHI
0x0000000120af7000 	/Library/Java/JavaVirtualMachines/jdk1.8.0_92.jdk/Contents/Home/jre/lib/libnet.dylib
0x0000000120b56000 	/Library/Java/JavaVirtualMachines/jdk1.8.0_92.jdk/Contents/Home/jre/lib/libnio.dylib
0x0000000120b66000 	/Users/bailiangjin/.gradle/native/19/osx-amd64/libnative-platform.dylib
0x0000000120e00000 	/Library/Java/JavaVirtualMachines/jdk1.8.0_92.jdk/Contents/Home/jre/lib/libmanagement.dylib
0x0000000121874000 	/Library/Java/JavaVirtualMachines/jdk1.8.0_92.jdk/Contents/Home/jre/lib/libsunec.dylib

VM Arguments:
jvm_args: -XX:MaxPermSize=256m -XX:+HeapDumpOnOutOfMemoryError -Xmx1024m -Dfile.encoding=UTF-8 -Duser.country=CN -Duser.language=zh -Duser.variant 
java_command: org.gradle.launcher.daemon.bootstrap.GradleDaemon 2.14.1
java_class_path (initial): /Users/bailiangjin/.gradle/wrapper/dists/gradle-2.14.1-all/8bnwg5hd3w55iofp58khbp6yv/gradle-2.14.1/lib/gradle-launcher-2.14.1.jar
Launcher Type: SUN_STANDARD

Environment Variables:
PATH=/usr/bin:/bin:/usr/sbin:/sbin
SHELL=/bin/bash

Signal Handlers:
SIGSEGV: [libjvm.dylib+0x5aa779], sa_mask[0]=11111111011111110111111111111111, sa_flags=SA_ONSTACK|SA_RESTART|SA_SIGINFO
SIGBUS: [libjvm.dylib+0x5aa779], sa_mask[0]=11111111011111110111111111111111, sa_flags=SA_RESTART|SA_SIGINFO
SIGFPE: [libjvm.dylib+0x4831d0], sa_mask[0]=11111111011111110111111111111111, sa_flags=SA_RESTART|SA_SIGINFO
SIGPIPE: [libjvm.dylib+0x4831d0], sa_mask[0]=11111111011111110111111111111111, sa_flags=SA_RESTART|SA_SIGINFO
SIGXFSZ: [libjvm.dylib+0x4831d0], sa_mask[0]=11111111011111110111111111111111, sa_flags=SA_RESTART|SA_SIGINFO
SIGILL: [libjvm.dylib+0x4831d0], sa_mask[0]=11111111011111110111111111111111, sa_flags=SA_RESTART|SA_SIGINFO
SIGUSR1: SIG_DFL, sa_mask[0]=00000000000000000000000000000000, sa_flags=none
SIGUSR2: [libjvm.dylib+0x482cee], sa_mask[0]=00100000000000000000000000000000, sa_flags=SA_RESTART|SA_SIGINFO
SIGHUP: [libjvm.dylib+0x4812c5], sa_mask[0]=11111111011111110111111111111111, sa_flags=SA_RESTART|SA_SIGINFO
SIGINT: [libjvm.dylib+0x4812c5], sa_mask[0]=11111111011111110111111111111111, sa_flags=SA_RESTART|SA_SIGINFO
SIGTERM: [libjvm.dylib+0x4812c5], sa_mask[0]=11111111011111110111111111111111, sa_flags=SA_RESTART|SA_SIGINFO
SIGQUIT: [libjvm.dylib+0x4812c5], sa_mask[0]=11111111011111110111111111111111, sa_flags=SA_RESTART|SA_SIGINFO


---------------  S Y S T E M  ---------------

OS:Bsduname:Darwin 15.6.0 Darwin Kernel Version 15.6.0: Mon Aug 29 20:21:34 PDT 2016; root:xnu-3248.60.11~1/RELEASE_X86_64 x86_64
rlimit: STACK 8192k, CORE 0k, NPROC 709, NOFILE 10240, AS infinity
load average:2.09 1.96 2.03

CPU:total 8 (4 cores per cpu, 2 threads per core) family 6 model 70 stepping 1, cmov, cx8, fxsr, mmx, sse, sse2, sse3, ssse3, sse4.1, sse4.2, popcnt, avx, avx2, aes, clmul, erms, lzcnt, ht, tsc, tscinvbit, bmi1, bmi2

Memory: 4k page, physical 16777216k(4182320k free)

/proc/meminfo:


vm_info: Java HotSpot(TM) 64-Bit Server VM (25.92-b14) for bsd-amd64 JRE (1.8.0_92-b14), built on Mar 31 2016 21:23:14 by "java_re" with gcc 4.2.1 (Based on Apple Inc. build 5658) (LLVM build 2336.11.00)

time: Thu Sep  8 09:14:22 2016
elapsed time: 2350 seconds (0d 0h 39m 10s)

