#
# A fatal error has been detected by the Java Runtime Environment:
#
#  SIGSEGV (0xb) at pc=0x000000010b3f2321, pid=11627, tid=11267
#
# JRE version: Java(TM) SE Runtime Environment (7.0_79-b15) (build 1.7.0_79-b15)
# Java VM: Java HotSpot(TM) 64-Bit Server VM (24.79-b02 mixed mode bsd-amd64 compressed oops)
# Problematic frame:
# V  [libjvm.dylib+0x1f2321]  oopDesc::size()+0x8d
#
# Failed to write core dump. Core dumps have been disabled. To enable core dumping, try "ulimit -c unlimited" before starting Java again
#
# If you would like to submit a bug report, please visit:
#   http://bugreport.java.com/bugreport/crash.jsp
#

---------------  T H R E A D  ---------------

Current thread (0x00007ffabc804000):  GCTaskThread [stack: 0x0000700000629000,0x0000700000729000] [id=11267]

siginfo:si_signo=SIGSEGV: si_errno=0, si_code=1 (SEGV_MAPERR), si_addr=0x00000000ff70a2db

Registers:
RAX=0x00000000ff70a22b, RBX=0x00000001f7644cf4, RCX=0x0000000000000003, RDX=0x0000000000000001
RSP=0x0000700000728c70, RBP=0x0000700000728c70, RSI=0x00000007f34badb0, RDI=0x00000007f34badd0
R8 =0x0000000000000010, R9 =0x0000000000000003, R10=0x0000000003e36501, R11=0xffffffffd5684d70
R12=0x000000010ba17538, R13=0x00000007c8d65d79, R14=0x00007ffabc204480, R15=0x00007ffabc204520
RIP=0x000000010b3f2321, EFLAGS=0x0000000000010202, ERR=0x0000000000000004
  TRAPNO=0x000000000000000e

Top of Stack: (sp=0x0000700000728c70)
0x0000700000728c70:   0000700000728ce0 000000010b65d2c5
0x0000700000728c80:   00000007bb1b6228 00000007f34badb0
0x0000700000728c90:   00000007c8cfade8 00000007bb1b6228
0x0000700000728ca0:   00000007c8d64200 0000000000000400
0x0000700000728cb0:   00000007c8d3cd85 00000007c8d65d79
0x0000700000728cc0:   000000010ba17538 00000007c8d65d79
0x0000700000728cd0:   00000007c8d65d78 00007ffabc204520
0x0000700000728ce0:   0000700000728d00 000000010b65d6f1
0x0000700000728cf0:   00007ffabc204480 00007ffabc2044e8
0x0000700000728d00:   0000700000728d60 000000010b65c6d2
0x0000700000728d10:   0000700000728d78 01000007c8adfab5
0x0000700000728d20:   00000007c8d65d79 0000700000728d78
0x0000700000728d30:   00000007c8adfab4 0000000000000004
0x0000700000728d40:   0000700000728d84 0000700000728d78
0x0000700000728d50:   00007ffaba14e2b0 00007ffabc204480
0x0000700000728d60:   0000700000728db0 000000010b65fe87
0x0000700000728d70:   0000000000000004 00000007c8adfab5
0x0000700000728d80:   665e7c5800728db0 00007ffabc804000
0x0000700000728d90:   0000000000000000 000000010b77edc7
0x0000700000728da0:   00007ffaba14e2b0 0000000000000001
0x0000700000728db0:   0000700000728e90 000000010b46dca3
0x0000700000728dc0:   0000700000728df0 00007ffabc104810
0x0000700000728dd0:   00007ffabc104840 00007ffabc104850
0x0000700000728de0:   00007ffabc104c28 00000000000003d8
0x0000700000728df0:   00007ffabc804000 00007ffabc104c30
0x0000700000728e00:   00007ffabc104c60 00007ffabc104c70
0x0000700000728e10:   00007ffabc105048 00000000000003d8
0x0000700000728e20:   0000700000728e30 0000000000000000
0x0000700000728e30:   00007ffabc804000 00007ffabc104c30
0x0000700000728e40:   00007ffabc104c60 00007ffabc104c70
0x0000700000728e50:   00007ffabc105048 00000000000003d8
0x0000700000728e60:   00007ffabc105050 00007ffabc804000 

Instructions: (pc=0x000000010b3f2321)
0x000000010b3f2301:   00 48 01 c1 48 ba ff ff ff ff 07 00 00 00 48 01
0x000000010b3f2311:   ca 48 f7 d8 48 21 d0 48 c1 e8 03 5d c3 48 8b 07
0x000000010b3f2321:   48 8b 80 b0 00 00 00 5d ff e0 90 55 48 89 e5 48
0x000000010b3f2331:   8d 05 d9 d0 61 00 80 38 00 74 15 48 8d 05 ad a5 

Register to memory mapping:

RAX=0x00000000ff70a22b is an unknown value
RBX=0x00000001f7644cf4 is an unknown value
RCX=0x0000000000000003 is an unknown value
RDX=0x0000000000000001 is an unknown value
RSP=0x0000700000728c70 is an unknown value
RBP=0x0000700000728c70 is an unknown value
RSI=0x00000007f34badb0 is an unknown value
RDI=0x00000007f34badd0 is an unknown value
R8 =0x0000000000000010 is an unknown value
R9 =0x0000000000000003 is an unknown value
R10=0x0000000003e36501 is an unknown value
R11=0xffffffffd5684d70 is an unknown value
R12=0x000000010ba17538: _ZN2os16_processor_countE+0 in /Library/Java/JavaVirtualMachines/jdk1.7.0_79.jdk/Contents/Home/jre/lib/server/libjvm.dylib at 0x000000010b200000
R13=0x00000007c8d65d79 is pointing into object: 0x00000007c8d65d60
com.android.dx.dex.code.CstInsn 
 - klass: 'com/android/dx/dex/code/CstInsn'
R14=0x00007ffabc204480 is an unknown value
R15=0x00007ffabc204520 is an unknown value


Stack: [0x0000700000629000,0x0000700000729000],  sp=0x0000700000728c70,  free space=1023k
Native frames: (J=compiled Java code, j=interpreted, Vv=VM code, C=native code)
V  [libjvm.dylib+0x1f2321]  oopDesc::size()+0x8d
V  [libjvm.dylib+0x45d2c5]  oopDesc* PSPromotionManager::copy_to_survivor_space<false>(oopDesc*)+0x35
V  [libjvm.dylib+0x45d6f1]  PSPromotionManager::process_popped_location_depth(StarTask)+0x73
V  [libjvm.dylib+0x45c6d2]  PSPromotionManager::drain_stacks_depth(bool)+0x8a
V  [libjvm.dylib+0x45fe87]  StealTask::do_it(GCTaskManager*, unsigned int)+0x9f
V  [libjvm.dylib+0x26dca3]  GCTaskThread::run()+0x1a1
V  [libjvm.dylib+0x421c4e]  java_start(Thread*)+0x126
C  [libsystem_pthread.dylib+0x399d]  _pthread_body+0x83
C  [libsystem_pthread.dylib+0x391a]  _pthread_body+0x0
C  [libsystem_pthread.dylib+0x1351]  thread_start+0xd


---------------  P R O C E S S  ---------------

Java Threads: ( => current thread )
  0x00007ffabd005800 JavaThread "pool-1-thread-4" [_thread_blocked, id=23299, stack(0x000070000175f000,0x000070000185f000)]
  0x00007ffaba020000 JavaThread "pool-1-thread-3" [_thread_blocked, id=22787, stack(0x000070000165c000,0x000070000175c000)]
  0x00007ffaba843000 JavaThread "pool-1-thread-2" [_thread_blocked, id=22275, stack(0x0000700001559000,0x0000700001659000)]
  0x00007ffaba804000 JavaThread "pool-2-thread-1" [_thread_blocked, id=21763, stack(0x0000700001456000,0x0000700001556000)]
  0x00007ffabc81c800 JavaThread "Service Thread" daemon [_thread_blocked, id=20227, stack(0x000070000114d000,0x000070000124d000)]
  0x00007ffabc813800 JavaThread "C2 CompilerThread1" daemon [_thread_blocked, id=19715, stack(0x000070000104a000,0x000070000114a000)]
  0x00007ffabd877800 JavaThread "C2 CompilerThread0" daemon [_thread_blocked, id=19203, stack(0x0000700000f47000,0x0000700001047000)]
  0x00007ffabd874000 JavaThread "Signal Dispatcher" daemon [_thread_blocked, id=15887, stack(0x0000700000e44000,0x0000700000f44000)]
  0x00007ffabd833800 JavaThread "Finalizer" daemon [_thread_blocked, id=14339, stack(0x0000700000c3b000,0x0000700000d3b000)]
  0x00007ffabd832800 JavaThread "Reference Handler" daemon [_thread_blocked, id=13827, stack(0x0000700000b38000,0x0000700000c38000)]
  0x00007ffabc801800 JavaThread "main" [_thread_blocked, id=5891, stack(0x000070000011a000,0x000070000021a000)]

Other Threads:
  0x00007ffabd830000 VMThread [stack: 0x0000700000a35000,0x0000700000b35000] [id=13315]
  0x00007ffabc825000 WatcherThread [stack: 0x0000700001250000,0x0000700001350000] [id=20739]

=>0x00007ffabc804000 (exited) GCTaskThread [stack: 0x0000700000629000,0x0000700000729000] [id=11267]

VM state:at safepoint (normal execution)

VM Mutex/Monitor currently owned by a thread:  ([mutex/lock_event])
[0x00007ffab9509540] Threads_lock - owner thread: 0x00007ffabd830000
[0x00007ffab9509a40] Heap_lock - owner thread: 0x00007ffaba020000

Heap
 PSYoungGen      total 274944K, used 274934K [0x00000007eaa80000, 0x00000007fc180000, 0x0000000800000000)
  eden space 264192K, 100% used [0x00000007eaa80000,0x00000007fac80000,0x00000007fac80000)
  from space 10752K, 99% used [0x00000007fb700000,0x00000007fc17da20,0x00000007fc180000)
  to   space 10752K, 99% used [0x00000007fac80000,0x00000007fb6ff410,0x00000007fb700000)
 ParOldGen       total 174592K, used 155693K [0x00000007c0000000, 0x00000007caa80000, 0x00000007eaa80000)
  object space 174592K, 89% used [0x00000007c0000000,0x00000007c9811628,0x00000007caa80000)
 PSPermGen       total 21504K, used 5652K [0x00000007bae00000, 0x00000007bc300000, 0x00000007c0000000)
  object space 21504K, 26% used [0x00000007bae00000,0x00000007bb385118,0x00000007bc300000)

Card table byte_map: [0x000000010ed23000,0x000000010ef4d000] byte_map_base: 0x000000010af4c000

Polling page: 0x000000010a16c000

Code Cache  [0x000000010bc63000, 0x000000010bef3000, 0x000000010ec63000)
 total_blobs=771 nmethods=559 adapters=166 free_code_cache=46594Kb largest_free_block=47644672

Compilation events (10 events):
Event: 4.080 Thread 0x00007ffabd877800 nmethod 569 0x000000010bedf3d0 code [0x000000010bedf540, 0x000000010bedf748]
Event: 4.080 Thread 0x00007ffabd877800  570             com.android.dx.ssa.PhiInsn::predBlocksForReg (73 bytes)
Event: 4.081 Thread 0x00007ffabc813800 nmethod 568 0x000000010bcefa10 code [0x000000010bcefb80, 0x000000010bcf0018]
Event: 4.081 Thread 0x00007ffabc813800  571             com.android.dx.ssa.PhiTypeResolver::run (179 bytes)
Event: 4.087 Thread 0x00007ffabd877800 nmethod 570 0x000000010bed6810 code [0x000000010bed69c0, 0x000000010bed6f38]
Event: 4.087 Thread 0x00007ffabd877800  572             com.android.dx.rop.code.RegisterSpec::getBasicType (10 bytes)
Event: 4.087 Thread 0x00007ffabd877800 nmethod 572 0x000000010bedf0d0 code [0x000000010bedf220, 0x000000010bedf2b8]
Event: 4.088 Thread 0x00007ffabd877800  573             com.android.dx.ssa.back.LivenessAnalyzer::constructInterferenceGraph (47 bytes)
Event: 4.131 Thread 0x00007ffabd877800 nmethod 573 0x000000010bd12190 code [0x000000010bd12460, 0x000000010bd138a0]
Event: 4.131 Thread 0x00007ffabd877800  574             com.android.dx.ssa.back.InterferenceGraph::<init> (42 bytes)

GC Heap History (9 events):
Event: 0.758 GC heap before
{Heap before GC invocations=1 (full 0):
 PSYoungGen      total 76800K, used 66048K [0x00000007eaa80000, 0x00000007f0000000, 0x0000000800000000)
  eden space 66048K, 100% used [0x00000007eaa80000,0x00000007eeb00000,0x00000007eeb00000)
  from space 10752K, 0% used [0x00000007ef580000,0x00000007ef580000,0x00000007f0000000)
  to   space 10752K, 0% used [0x00000007eeb00000,0x00000007eeb00000,0x00000007ef580000)
 ParOldGen       total 174592K, used 0K [0x00000007c0000000, 0x00000007caa80000, 0x00000007eaa80000)
  object space 174592K, 0% used [0x00000007c0000000,0x00000007c0000000,0x00000007caa80000)
 PSPermGen       total 21504K, used 5494K [0x00000007bae00000, 0x00000007bc300000, 0x00000007c0000000)
  object space 21504K, 25% used [0x00000007bae00000,0x00000007bb35d940,0x00000007bc300000)
Event: 0.771 GC heap after
Heap after GC invocations=1 (full 0):
 PSYoungGen      total 76800K, used 10731K [0x00000007eaa80000, 0x00000007f4080000, 0x0000000800000000)
  eden space 66048K, 0% used [0x00000007eaa80000,0x00000007eaa80000,0x00000007eeb00000)
  from space 10752K, 99% used [0x00000007eeb00000,0x00000007ef57ad70,0x00000007ef580000)
  to   space 10752K, 0% used [0x00000007f3600000,0x00000007f3600000,0x00000007f4080000)
 ParOldGen       total 174592K, used 4903K [0x00000007c0000000, 0x00000007caa80000, 0x00000007eaa80000)
  object space 174592K, 2% used [0x00000007c0000000,0x00000007c04c9cd0,0x00000007caa80000)
 PSPermGen       total 21504K, used 5494K [0x00000007bae00000, 0x00000007bc300000, 0x00000007c0000000)
  object space 21504K, 25% used [0x00000007bae00000,0x00000007bb35d940,0x00000007bc300000)
}
Event: 1.202 GC heap before
{Heap before GC invocations=2 (full 0):
 PSYoungGen      total 76800K, used 76779K [0x00000007eaa80000, 0x00000007f4080000, 0x0000000800000000)
  eden space 66048K, 100% used [0x00000007eaa80000,0x00000007eeb00000,0x00000007eeb00000)
  from space 10752K, 99% used [0x00000007eeb00000,0x00000007ef57ad70,0x00000007ef580000)
  to   space 10752K, 0% used [0x00000007f3600000,0x00000007f3600000,0x00000007f4080000)
 ParOldGen       total 174592K, used 4903K [0x00000007c0000000, 0x00000007caa80000, 0x00000007eaa80000)
  object space 174592K, 2% used [0x00000007c0000000,0x00000007c04c9cd0,0x00000007caa80000)
 PSPermGen       total 21504K, used 5529K [0x00000007bae00000, 0x00000007bc300000, 0x00000007c0000000)
  object space 21504K, 25% used [0x00000007bae00000,0x00000007bb366440,0x00000007bc300000)
Event: 1.225 GC heap after
Heap after GC invocations=2 (full 0):
 PSYoungGen      total 142848K, used 10726K [0x00000007eaa80000, 0x00000007f4080000, 0x0000000800000000)
  eden space 132096K, 0% used [0x00000007eaa80000,0x00000007eaa80000,0x00000007f2b80000)
  from space 10752K, 99% used [0x00000007f3600000,0x00000007f4079a40,0x00000007f4080000)
  to   space 10752K, 0% used [0x00000007f2b80000,0x00000007f2b80000,0x00000007f3600000)
 ParOldGen       total 174592K, used 28256K [0x00000007c0000000, 0x00000007caa80000, 0x00000007eaa80000)
  object space 174592K, 16% used [0x00000007c0000000,0x00000007c1b98190,0x00000007caa80000)
 PSPermGen       total 21504K, used 5529K [0x00000007bae00000, 0x00000007bc300000, 0x00000007c0000000)
  object space 21504K, 25% used [0x00000007bae00000,0x00000007bb366440,0x00000007bc300000)
}
Event: 2.029 GC heap before
{Heap before GC invocations=3 (full 0):
 PSYoungGen      total 142848K, used 142822K [0x00000007eaa80000, 0x00000007f4080000, 0x0000000800000000)
  eden space 132096K, 100% used [0x00000007eaa80000,0x00000007f2b80000,0x00000007f2b80000)
  from space 10752K, 99% used [0x00000007f3600000,0x00000007f4079a40,0x00000007f4080000)
  to   space 10752K, 0% used [0x00000007f2b80000,0x00000007f2b80000,0x00000007f3600000)
 ParOldGen       total 174592K, used 28256K [0x00000007c0000000, 0x00000007caa80000, 0x00000007eaa80000)
  object space 174592K, 16% used [0x00000007c0000000,0x00000007c1b98190,0x00000007caa80000)
 PSPermGen       total 21504K, used 5561K [0x00000007bae00000, 0x00000007bc300000, 0x00000007c0000000)
  object space 21504K, 25% used [0x00000007bae00000,0x00000007bb36e570,0x00000007bc300000)
Event: 2.069 GC heap after
Heap after GC invocations=3 (full 0):
 PSYoungGen      total 142848K, used 10722K [0x00000007eaa80000, 0x00000007fc180000, 0x0000000800000000)
  eden space 132096K, 0% used [0x00000007eaa80000,0x00000007eaa80000,0x00000007f2b80000)
  from space 10752K, 99% used [0x00000007f2b80000,0x00000007f35f8a58,0x00000007f3600000)
  to   space 10752K, 0% used [0x00000007fb700000,0x00000007fb700000,0x00000007fc180000)
 ParOldGen       total 174592K, used 75749K [0x00000007c0000000, 0x00000007caa80000, 0x00000007eaa80000)
  object space 174592K, 43% used [0x00000007c0000000,0x00000007c49f97f8,0x00000007caa80000)
 PSPermGen       total 21504K, used 5561K [0x00000007bae00000, 0x00000007bc300000, 0x00000007c0000000)
  object space 21504K, 25% used [0x00000007bae00000,0x00000007bb36e570,0x00000007bc300000)
}
Event: 2.898 GC heap before
{Heap before GC invocations=4 (full 0):
 PSYoungGen      total 142848K, used 142818K [0x00000007eaa80000, 0x00000007fc180000, 0x0000000800000000)
  eden space 132096K, 100% used [0x00000007eaa80000,0x00000007f2b80000,0x00000007f2b80000)
  from space 10752K, 99% used [0x00000007f2b80000,0x00000007f35f8a58,0x00000007f3600000)
  to   space 10752K, 0% used [0x00000007fb700000,0x00000007fb700000,0x00000007fc180000)
 ParOldGen       total 174592K, used 75749K [0x00000007c0000000, 0x00000007caa80000, 0x00000007eaa80000)
  object space 174592K, 43% used [0x00000007c0000000,0x00000007c49f97f8,0x00000007caa80000)
 PSPermGen       total 21504K, used 5615K [0x00000007bae00000, 0x00000007bc300000, 0x00000007c0000000)
  object space 21504K, 26% used [0x00000007bae00000,0x00000007bb37be08,0x00000007bc300000)
Event: 2.932 GC heap after
Heap after GC invocations=4 (full 0):
 PSYoungGen      total 274944K, used 10742K [0x00000007eaa80000, 0x00000007fc180000, 0x0000000800000000)
  eden space 264192K, 0% used [0x00000007eaa80000,0x00000007eaa80000,0x00000007fac80000)
  from space 10752K, 99% used [0x00000007fb700000,0x00000007fc17da20,0x00000007fc180000)
  to   space 10752K, 0% used [0x00000007fac80000,0x00000007fac80000,0x00000007fb700000)
 ParOldGen       total 174592K, used 111258K [0x00000007c0000000, 0x00000007caa80000, 0x00000007eaa80000)
  object space 174592K, 63% used [0x00000007c0000000,0x00000007c6ca6a58,0x00000007caa80000)
 PSPermGen       total 21504K, used 5615K [0x00000007bae00000, 0x00000007bc300000, 0x00000007c0000000)
  object space 21504K, 26% used [0x00000007bae00000,0x00000007bb37be08,0x00000007bc300000)
}
Event: 4.141 GC heap before
{Heap before GC invocations=5 (full 0):
 PSYoungGen      total 274944K, used 274934K [0x00000007eaa80000, 0x00000007fc180000, 0x0000000800000000)
  eden space 264192K, 100% used [0x00000007eaa80000,0x00000007fac80000,0x00000007fac80000)
  from space 10752K, 99% used [0x00000007fb700000,0x00000007fc17da20,0x00000007fc180000)
  to   space 10752K, 0% used [0x00000007fac80000,0x00000007fac80000,0x00000007fb700000)
 ParOldGen       total 174592K, used 111258K [0x00000007c0000000, 0x00000007caa80000, 0x00000007eaa80000)
  object space 174592K, 63% used [0x00000007c0000000,0x00000007c6ca6a58,0x00000007caa80000)
 PSPermGen       total 21504K, used 5652K [0x00000007bae00000, 0x00000007bc300000, 0x00000007c0000000)
  object space 21504K, 26% used [0x00000007bae00000,0x00000007bb385118,0x00000007bc300000)

Deoptimization events (10 events):
Event: 2.675 Thread 0x00007ffaba802000 Uncommon trap: reason=class_check action=maybe_recompile pc=0x000000010bdb4a28 method=com.android.dx.ssa.SsaMethod.isRegALocal(Lcom/android/dx/rop/code/RegisterSpec;)Z @ 16
Event: 2.700 Thread 0x00007ffabd005800 Uncommon trap: reason=class_check action=maybe_recompile pc=0x000000010bddcb04 method=com.android.dx.ssa.SCCP.simulatePhi(Lcom/android/dx/ssa/PhiInsn;)V @ 124
Event: 2.707 Thread 0x00007ffabd005800 Uncommon trap: reason=class_check action=maybe_recompile pc=0x000000010bd987dc method=com.android.dx.ssa.SCCP.simulatePhi(Lcom/android/dx/ssa/PhiInsn;)V @ 124
Event: 2.716 Thread 0x00007ffaba802000 Uncommon trap: reason=unreached action=reinterpret pc=0x000000010bccd858 method=com.android.dx.rop.cst.Constant.compareTo(Lcom/android/dx/rop/cst/Constant;)I @ 12
Event: 2.782 Thread 0x00007ffabd005800 Uncommon trap: reason=unreached action=reinterpret pc=0x000000010bd690f0 method=com.android.dx.rop.code.LocalVariableExtractor.processBlock(I)V @ 195
Event: 3.037 Thread 0x00007ffabc801800 Uncommon trap: reason=null_check action=make_not_entrant pc=0x000000010be2a3c0 method=com.android.dx.rop.cst.CstType.intern(Lcom/android/dx/rop/type/Type;)Lcom/android/dx/rop/cst/CstType; @ 13
Event: 3.446 Thread 0x00007ffaba843000 Uncommon trap: reason=class_check action=maybe_recompile pc=0x000000010be1754c method=com.android.dx.cf.code.BaseMachine.addResult(Lcom/android/dx/rop/type/TypeBearer;)V @ 23
Event: 3.586 Thread 0x00007ffaba020000 Uncommon trap: reason=class_check action=maybe_recompile pc=0x000000010bd3af7c method=java.util.HashMap.put(Ljava/lang/Object;Ljava/lang/Object;)Ljava/lang/Object; @ 83
Event: 4.065 Thread 0x00007ffaba843000 Uncommon trap: reason=class_check action=maybe_recompile pc=0x000000010bd3af7c method=java.util.HashMap.put(Ljava/lang/Object;Ljava/lang/Object;)Ljava/lang/Object; @ 83
Event: 4.065 Thread 0x00007ffaba843000 Uncommon trap: reason=class_check action=maybe_recompile pc=0x000000010bd3af7c method=java.util.HashMap.put(Ljava/lang/Object;Ljava/lang/Object;)Ljava/lang/Object; @ 83

Internal exceptions (10 events):
Event: 1.490 Thread 0x00007ffabd005800 Threw 0x00000007ecf3e5e0 at /HUDSON/workspace/7u-2-build-macosx-x86_64/jdk7u79/2331/hotspot/src/share/vm/prims/jvm.cpp:1304
Event: 2.441 Thread 0x00007ffabc801800 Implicit null exception at 0x000000010bdc5fa7 to 0x000000010bdc66b9
Event: 2.447 Thread 0x00007ffabc801800 Threw 0x00000007edd4f478 at /HUDSON/workspace/7u-2-build-macosx-x86_64/jdk7u79/2331/hotspot/src/share/vm/prims/jvm.cpp:1304
Event: 2.490 Thread 0x00007ffabc801800 Threw 0x00000007ee450d28 at /HUDSON/workspace/7u-2-build-macosx-x86_64/jdk7u79/2331/hotspot/src/share/vm/prims/jvm.cpp:1304
Event: 2.657 Thread 0x00007ffabc801800 Threw 0x00000007f01d2c68 at /HUDSON/workspace/7u-2-build-macosx-x86_64/jdk7u79/2331/hotspot/src/share/vm/prims/jvm.cpp:1304
Event: 2.658 Thread 0x00007ffabc801800 Threw 0x00000007f01de100 at /HUDSON/workspace/7u-2-build-macosx-x86_64/jdk7u79/2331/hotspot/src/share/vm/prims/jvm.cpp:1304
Event: 2.659 Thread 0x00007ffabc801800 Threw 0x00000007f01e16d0 at /HUDSON/workspace/7u-2-build-macosx-x86_64/jdk7u79/2331/hotspot/src/share/vm/prims/jvm.cpp:1304
Event: 2.744 Thread 0x00007ffabc801800 Threw 0x00000007f0f99968 at /HUDSON/workspace/7u-2-build-macosx-x86_64/jdk7u79/2331/hotspot/src/share/vm/prims/jvm.cpp:1304
Event: 2.834 Thread 0x00007ffabc801800 Threw 0x00000007f20eacf0 at /HUDSON/workspace/7u-2-build-macosx-x86_64/jdk7u79/2331/hotspot/src/share/vm/prims/jvm.cpp:1304
Event: 3.037 Thread 0x00007ffabc801800 Implicit null exception at 0x000000010be26867 to 0x000000010be2a3a1

Events (10 events):
Event: 4.065 Thread 0x00007ffaba843000 Uncommon trap: trap_request=0xffffffde fr.pc=0x000000010bd3af7c
Event: 4.065 Thread 0x00007ffaba843000 DEOPT PACKING pc=0x000000010bd3af7c sp=0x0000700001658070
Event: 4.065 Thread 0x00007ffaba843000 DEOPT UNPACKING pc=0x000000010bc9c045 sp=0x0000700001658048 mode 2
Event: 4.065 Thread 0x00007ffaba843000 Uncommon trap: trap_request=0xffffffde fr.pc=0x000000010bd3af7c
Event: 4.065 Thread 0x00007ffaba843000 DEOPT PACKING pc=0x000000010bd3af7c sp=0x0000700001658120
Event: 4.065 Thread 0x00007ffaba843000 DEOPT UNPACKING pc=0x000000010bc9c045 sp=0x00007000016580f8 mode 2
Event: 4.079 Thread 0x00007ffaba802000 Thread exited: 0x00007ffaba802000
Event: 4.088 Executing VM operation: EnableBiasedLocking
Event: 4.088 Executing VM operation: EnableBiasedLocking done
Event: 4.141 Executing VM operation: ParallelGCFailedAllocation


Dynamic libraries:
0x00000000078ad000 	/System/Library/Frameworks/Cocoa.framework/Versions/A/Cocoa
0x00000000078ad000 	/System/Library/Frameworks/Security.framework/Versions/A/Security
0x00000000078ad000 	/System/Library/Frameworks/ApplicationServices.framework/Versions/A/ApplicationServices
0x00000000078ad000 	/usr/lib/libz.1.dylib
0x00000000078ad000 	/usr/lib/libSystem.B.dylib
0x00000000078ad000 	/usr/lib/libobjc.A.dylib
0x00000000078ad000 	/System/Library/Frameworks/CoreFoundation.framework/Versions/A/CoreFoundation
0x00000000078ad000 	/System/Library/Frameworks/Foundation.framework/Versions/C/Foundation
0x00000000078ad000 	/System/Library/Frameworks/AppKit.framework/Versions/C/AppKit
0x00000000078ad000 	/System/Library/Frameworks/CoreData.framework/Versions/A/CoreData
0x00000000078ad000 	/System/Library/PrivateFrameworks/RemoteViewServices.framework/Versions/A/RemoteViewServices
0x00000000078ad000 	/System/Library/PrivateFrameworks/UIFoundation.framework/Versions/A/UIFoundation
0x00000000078ad000 	/usr/lib/libScreenReader.dylib
0x00000000078ad000 	/System/Library/Frameworks/Accelerate.framework/Versions/A/Accelerate
0x00000000078ad000 	/System/Library/Frameworks/IOSurface.framework/Versions/A/IOSurface
0x00000000078ad000 	/System/Library/Frameworks/AudioToolbox.framework/Versions/A/AudioToolbox
0x00000000078ad000 	/System/Library/Frameworks/AudioUnit.framework/Versions/A/AudioUnit
0x00000000078ad000 	/System/Library/PrivateFrameworks/DataDetectorsCore.framework/Versions/A/DataDetectorsCore
0x00000000078ad000 	/System/Library/PrivateFrameworks/DesktopServicesPriv.framework/Versions/A/DesktopServicesPriv
0x00000000078ad000 	/System/Library/Frameworks/Carbon.framework/Versions/A/Frameworks/HIToolbox.framework/Versions/A/HIToolbox
0x00000000078ad000 	/System/Library/Frameworks/QuartzCore.framework/Versions/A/QuartzCore
0x00000000078ad000 	/System/Library/Frameworks/Carbon.framework/Versions/A/Frameworks/SpeechRecognition.framework/Versions/A/SpeechRecognition
0x00000000078ad000 	/usr/lib/libauto.dylib
0x00000000078ad000 	/usr/lib/libicucore.A.dylib
0x00000000078ad000 	/usr/lib/libxml2.2.dylib
0x00000000078ad000 	/System/Library/PrivateFrameworks/CoreUI.framework/Versions/A/CoreUI
0x00000000078ad000 	/System/Library/Frameworks/CoreAudio.framework/Versions/A/CoreAudio
0x00000000078ad000 	/System/Library/Frameworks/DiskArbitration.framework/Versions/A/DiskArbitration
0x00000000078ad000 	/usr/lib/liblangid.dylib
0x00000000078ad000 	/System/Library/PrivateFrameworks/MultitouchSupport.framework/Versions/A/MultitouchSupport
0x00000000078ad000 	/System/Library/Frameworks/IOKit.framework/Versions/A/IOKit
0x00000000078ad000 	/usr/lib/libDiagnosticMessagesClient.dylib
0x00000000078ad000 	/System/Library/Frameworks/CoreServices.framework/Versions/A/CoreServices
0x00000000078ad000 	/System/Library/PrivateFrameworks/PerformanceAnalysis.framework/Versions/A/PerformanceAnalysis
0x00000000078ad000 	/System/Library/PrivateFrameworks/GenerationalStorage.framework/Versions/A/GenerationalStorage
0x00000000078ad000 	/System/Library/Frameworks/OpenGL.framework/Versions/A/OpenGL
0x00000000078ad000 	/System/Library/PrivateFrameworks/Sharing.framework/Versions/A/Sharing
0x00000000078ad000 	/System/Library/Frameworks/CoreGraphics.framework/Versions/A/CoreGraphics
0x00000000078ad000 	/System/Library/Frameworks/CoreImage.framework/Versions/A/CoreImage
0x00000000078ad000 	/System/Library/Frameworks/CoreText.framework/Versions/A/CoreText
0x00000000078ad000 	/System/Library/Frameworks/ImageIO.framework/Versions/A/ImageIO
0x00000000078ad000 	/System/Library/PrivateFrameworks/Backup.framework/Versions/A/Backup
0x00000000078ad000 	/usr/lib/libextension.dylib
0x00000000078ad000 	/usr/lib/libarchive.2.dylib
0x00000000078ad000 	/System/Library/Frameworks/CFNetwork.framework/Versions/A/CFNetwork
0x00000000078ad000 	/System/Library/Frameworks/SystemConfiguration.framework/Versions/A/SystemConfiguration
0x00000000078ad000 	/usr/lib/libCRFSuite.dylib
0x00000000078ad000 	/usr/lib/libc++.1.dylib
0x00000000078ad000 	/usr/lib/libc++abi.dylib
0x00000000078ad000 	/usr/lib/system/libcache.dylib
0x00000000078ad000 	/usr/lib/system/libcommonCrypto.dylib
0x00000000078ad000 	/usr/lib/system/libcompiler_rt.dylib
0x00000000078ad000 	/usr/lib/system/libcopyfile.dylib
0x00000000078ad000 	/usr/lib/system/libcorecrypto.dylib
0x00000000078ad000 	/usr/lib/system/libdispatch.dylib
0x00000000078ad000 	/usr/lib/system/libdyld.dylib
0x00000000078ad000 	/usr/lib/system/libkeymgr.dylib
0x00000000078ad000 	/usr/lib/system/liblaunch.dylib
0x00000000078ad000 	/usr/lib/system/libmacho.dylib
0x00000000078ad000 	/usr/lib/system/libquarantine.dylib
0x00000000078ad000 	/usr/lib/system/libremovefile.dylib
0x00000000078ad000 	/usr/lib/system/libsystem_asl.dylib
0x00000000078ad000 	/usr/lib/system/libsystem_blocks.dylib
0x00000000078ad000 	/usr/lib/system/libsystem_c.dylib
0x00000000078ad000 	/usr/lib/system/libsystem_configuration.dylib
0x00000000078ad000 	/usr/lib/system/libsystem_coreservices.dylib
0x00000000078ad000 	/usr/lib/system/libsystem_coretls.dylib
0x00000000078ad000 	/usr/lib/system/libsystem_dnssd.dylib
0x00000000078ad000 	/usr/lib/system/libsystem_info.dylib
0x00000000078ad000 	/usr/lib/system/libsystem_kernel.dylib
0x00000000078ad000 	/usr/lib/system/libsystem_m.dylib
0x00000000078ad000 	/usr/lib/system/libsystem_malloc.dylib
0x00000000078ad000 	/usr/lib/system/libsystem_network.dylib
0x00000000078ad000 	/usr/lib/system/libsystem_networkextension.dylib
0x00000000078ad000 	/usr/lib/system/libsystem_notify.dylib
0x00000000078ad000 	/usr/lib/system/libsystem_platform.dylib
0x00000000078ad000 	/usr/lib/system/libsystem_pthread.dylib
0x00000000078ad000 	/usr/lib/system/libsystem_sandbox.dylib
0x00000000078ad000 	/usr/lib/system/libsystem_secinit.dylib
0x00000000078ad000 	/usr/lib/system/libsystem_trace.dylib
0x00000000078ad000 	/usr/lib/system/libunc.dylib
0x00000000078ad000 	/usr/lib/system/libunwind.dylib
0x00000000078ad000 	/usr/lib/system/libxpc.dylib
0x00000000078ad000 	/usr/lib/libenergytrace.dylib
0x00000000078ad000 	/usr/lib/libbsm.0.dylib
0x00000000078ad000 	/usr/lib/system/libkxld.dylib
0x00000000078ad000 	/usr/lib/libxar.1.dylib
0x00000000078ad000 	/usr/lib/libsqlite3.dylib
0x00000000078ad000 	/usr/lib/libpam.2.dylib
0x00000000078ad000 	/usr/lib/libOpenScriptingUtil.dylib
0x00000000078ad000 	/usr/lib/libbz2.1.0.dylib
0x00000000078ad000 	/usr/lib/liblzma.5.dylib
0x00000000078ad000 	/System/Library/Frameworks/CoreServices.framework/Versions/A/Frameworks/FSEvents.framework/Versions/A/FSEvents
0x00000000078ad000 	/System/Library/Frameworks/CoreServices.framework/Versions/A/Frameworks/CarbonCore.framework/Versions/A/CarbonCore
0x00000000078ad000 	/System/Library/Frameworks/CoreServices.framework/Versions/A/Frameworks/Metadata.framework/Versions/A/Metadata
0x00000000078ad000 	/System/Library/Frameworks/CoreServices.framework/Versions/A/Frameworks/OSServices.framework/Versions/A/OSServices
0x00000000078ad000 	/System/Library/Frameworks/CoreServices.framework/Versions/A/Frameworks/SearchKit.framework/Versions/A/SearchKit
0x00000000078ad000 	/System/Library/Frameworks/CoreServices.framework/Versions/A/Frameworks/AE.framework/Versions/A/AE
0x00000000078ad000 	/System/Library/Frameworks/CoreServices.framework/Versions/A/Frameworks/LaunchServices.framework/Versions/A/LaunchServices
0x00000000078ad000 	/System/Library/Frameworks/CoreServices.framework/Versions/A/Frameworks/DictionaryServices.framework/Versions/A/DictionaryServices
0x00000000078ad000 	/System/Library/Frameworks/CoreServices.framework/Versions/A/Frameworks/SharedFileList.framework/Versions/A/SharedFileList
0x00000000078ad000 	/System/Library/Frameworks/NetFS.framework/Versions/A/NetFS
0x00000000078ad000 	/System/Library/PrivateFrameworks/NetAuth.framework/Versions/A/NetAuth
0x00000000078ad000 	/System/Library/PrivateFrameworks/login.framework/Versions/A/Frameworks/loginsupport.framework/Versions/A/loginsupport
0x00000000078ad000 	/System/Library/PrivateFrameworks/TCC.framework/Versions/A/TCC
0x00000000078ad000 	/usr/lib/libmecabra.dylib
0x00000000078ad000 	/System/Library/Frameworks/ApplicationServices.framework/Versions/A/Frameworks/ATS.framework/Versions/A/ATS
0x00000000078ad000 	/System/Library/Frameworks/ApplicationServices.framework/Versions/A/Frameworks/ColorSync.framework/Versions/A/ColorSync
0x00000000078ad000 	/System/Library/Frameworks/ApplicationServices.framework/Versions/A/Frameworks/HIServices.framework/Versions/A/HIServices
0x00000000078ad000 	/System/Library/Frameworks/ApplicationServices.framework/Versions/A/Frameworks/LangAnalysis.framework/Versions/A/LangAnalysis
0x00000000078ad000 	/System/Library/Frameworks/ApplicationServices.framework/Versions/A/Frameworks/PrintCore.framework/Versions/A/PrintCore
0x00000000078ad000 	/System/Library/Frameworks/ApplicationServices.framework/Versions/A/Frameworks/QD.framework/Versions/A/QD
0x00000000078ad000 	/System/Library/Frameworks/ApplicationServices.framework/Versions/A/Frameworks/SpeechSynthesis.framework/Versions/A/SpeechSynthesis
0x00000000078ad000 	/System/Library/Frameworks/Metal.framework/Versions/A/Metal
0x00000000078ad000 	/System/Library/Frameworks/Accelerate.framework/Versions/A/Frameworks/vImage.framework/Versions/A/vImage
0x00000000078ad000 	/System/Library/Frameworks/Accelerate.framework/Versions/A/Frameworks/vecLib.framework/Versions/A/vecLib
0x00000000078ad000 	/System/Library/Frameworks/Accelerate.framework/Versions/A/Frameworks/vecLib.framework/Versions/A/libvDSP.dylib
0x00000000078ad000 	/System/Library/Frameworks/Accelerate.framework/Versions/A/Frameworks/vecLib.framework/Versions/A/libvMisc.dylib
0x00000000078ad000 	/System/Library/Frameworks/Accelerate.framework/Versions/A/Frameworks/vecLib.framework/Versions/A/libLAPACK.dylib
0x00000000078ad000 	/System/Library/Frameworks/Accelerate.framework/Versions/A/Frameworks/vecLib.framework/Versions/A/libBLAS.dylib
0x00000000078ad000 	/System/Library/Frameworks/Accelerate.framework/Versions/A/Frameworks/vecLib.framework/Versions/A/libLinearAlgebra.dylib
0x00000000078ad000 	/System/Library/Frameworks/Accelerate.framework/Versions/A/Frameworks/vecLib.framework/Versions/A/libSparseBLAS.dylib
0x00000000078ad000 	/System/Library/PrivateFrameworks/GPUCompiler.framework/libmetal_timestamp.dylib
0x00000000078ad000 	/System/Library/Frameworks/OpenGL.framework/Versions/A/Libraries/libCoreFSCache.dylib
0x00000000078ad000 	/System/Library/PrivateFrameworks/IOAccelerator.framework/Versions/A/IOAccelerator
0x00000000078ad000 	/System/Library/Frameworks/ApplicationServices.framework/Versions/A/Frameworks/ATS.framework/Versions/A/Resources/libFontParser.dylib
0x00000000078ad000 	/System/Library/Frameworks/ApplicationServices.framework/Versions/A/Frameworks/ATS.framework/Versions/A/Resources/libFontRegistry.dylib
0x00000000078ad000 	/System/Library/PrivateFrameworks/AppleVPA.framework/Versions/A/AppleVPA
0x00000000078ad000 	/System/Library/PrivateFrameworks/AppleJPEG.framework/Versions/A/AppleJPEG
0x00000000078ad000 	/System/Library/Frameworks/ImageIO.framework/Versions/A/Resources/libJPEG.dylib
0x00000000078ad000 	/System/Library/Frameworks/ImageIO.framework/Versions/A/Resources/libTIFF.dylib
0x00000000078ad000 	/System/Library/Frameworks/ImageIO.framework/Versions/A/Resources/libPng.dylib
0x00000000078ad000 	/System/Library/Frameworks/ImageIO.framework/Versions/A/Resources/libGIF.dylib
0x00000000078ad000 	/System/Library/Frameworks/ImageIO.framework/Versions/A/Resources/libJP2.dylib
0x00000000078ad000 	/System/Library/Frameworks/ImageIO.framework/Versions/A/Resources/libRadiance.dylib
0x00000000078ad000 	/System/Library/Frameworks/CoreVideo.framework/Versions/A/CoreVideo
0x00000000078ad000 	/System/Library/Frameworks/OpenGL.framework/Versions/A/Libraries/libGLU.dylib
0x00000000078ad000 	/System/Library/Frameworks/OpenGL.framework/Versions/A/Libraries/libGFXShared.dylib
0x00000000078ad000 	/System/Library/Frameworks/OpenGL.framework/Versions/A/Libraries/libGL.dylib
0x00000000078ad000 	/System/Library/Frameworks/OpenGL.framework/Versions/A/Libraries/libGLImage.dylib
0x00000000078ad000 	/System/Library/Frameworks/OpenGL.framework/Versions/A/Libraries/libCVMSPluginSupport.dylib
0x00000000078ad000 	/System/Library/Frameworks/OpenGL.framework/Versions/A/Libraries/libCoreVMClient.dylib
0x00000000078ad000 	/usr/lib/libcompression.dylib
0x00000000078ad000 	/usr/lib/libcups.2.dylib
0x00000000078ad000 	/System/Library/Frameworks/Kerberos.framework/Versions/A/Kerberos
0x00000000078ad000 	/System/Library/Frameworks/GSS.framework/Versions/A/GSS
0x00000000078ad000 	/usr/lib/libresolv.9.dylib
0x00000000078ad000 	/usr/lib/libiconv.2.dylib
0x00000000078ad000 	/System/Library/PrivateFrameworks/Heimdal.framework/Versions/A/Heimdal
0x00000000078ad000 	/usr/lib/libheimdal-asn1.dylib
0x00000000078ad000 	/System/Library/Frameworks/OpenDirectory.framework/Versions/A/OpenDirectory
0x00000000078ad000 	/System/Library/PrivateFrameworks/CommonAuth.framework/Versions/A/CommonAuth
0x00000000078ad000 	/System/Library/Frameworks/OpenDirectory.framework/Versions/A/Frameworks/CFOpenDirectory.framework/Versions/A/CFOpenDirectory
0x00000000078ad000 	/System/Library/Frameworks/SecurityFoundation.framework/Versions/A/SecurityFoundation
0x00000000078ad000 	/System/Library/PrivateFrameworks/LanguageModeling.framework/Versions/A/LanguageModeling
0x00000000078ad000 	/usr/lib/libmarisa.dylib
0x00000000078ad000 	/usr/lib/libChineseTokenizer.dylib
0x00000000078ad000 	/usr/lib/libcmph.dylib
0x00000000078ad000 	/System/Library/Frameworks/ServiceManagement.framework/Versions/A/ServiceManagement
0x00000000078ad000 	/usr/lib/libxslt.1.dylib
0x00000000078ad000 	/System/Library/Frameworks/Carbon.framework/Versions/A/Frameworks/Ink.framework/Versions/A/Ink
0x00000000078ad000 	/usr/lib/libFosl_dynamic.dylib
0x00000000078ad000 	/System/Library/PrivateFrameworks/FaceCore.framework/Versions/A/FaceCore
0x00000000078ad000 	/System/Library/Frameworks/OpenCL.framework/Versions/A/OpenCL
0x00000000078ad000 	/System/Library/PrivateFrameworks/CrashReporterSupport.framework/Versions/A/CrashReporterSupport
0x00000000078ad000 	/System/Library/PrivateFrameworks/IconServices.framework/Versions/A/IconServices
0x00000000078ad000 	/System/Library/PrivateFrameworks/Apple80211.framework/Versions/A/Apple80211
0x00000000078ad000 	/System/Library/Frameworks/CoreWLAN.framework/Versions/A/CoreWLAN
0x00000000078ad000 	/System/Library/Frameworks/IOBluetooth.framework/Versions/A/IOBluetooth
0x00000000078ad000 	/System/Library/PrivateFrameworks/CoreWiFi.framework/Versions/A/CoreWiFi
0x00000000078ad000 	/System/Library/Frameworks/CoreBluetooth.framework/Versions/A/CoreBluetooth
0x00000000078ad000 	/System/Library/PrivateFrameworks/ChunkingLibrary.framework/Versions/A/ChunkingLibrary
0x00000000078ad000 	/System/Library/PrivateFrameworks/DebugSymbols.framework/Versions/A/DebugSymbols
0x00000000078ad000 	/System/Library/PrivateFrameworks/CoreSymbolication.framework/Versions/A/CoreSymbolication
0x00000000078ad000 	/System/Library/PrivateFrameworks/Symbolication.framework/Versions/A/Symbolication
0x00000000078ad000 	/System/Library/PrivateFrameworks/SpeechRecognitionCore.framework/Versions/A/SpeechRecognitionCore
0x000000010a0e7000 	/System/Library/CoreServices/Encodings/libSimplifiedChineseConverter.dylib
0x000000010b200000 	/Library/Java/JavaVirtualMachines/jdk1.7.0_79.jdk/Contents/Home/jre/lib/server/libjvm.dylib
0x00000000078ad000 	/usr/lib/libstdc++.6.dylib
0x000000010a12f000 	/Library/Java/JavaVirtualMachines/jdk1.7.0_79.jdk/Contents/Home/jre/lib/libverify.dylib
0x000000010a13c000 	/Library/Java/JavaVirtualMachines/jdk1.7.0_79.jdk/Contents/Home/jre/lib/libjava.dylib
0x000000010a176000 	/Library/Java/JavaVirtualMachines/jdk1.7.0_79.jdk/Contents/Home/jre/lib/libzip.dylib
0x000000011346e000 	/System/Library/Frameworks/JavaVM.framework/Frameworks/JavaRuntimeSupport.framework/JavaRuntimeSupport
0x000000010a1e7000 	/System/Library/Frameworks/JavaVM.framework/Versions/A/Frameworks/JavaNativeFoundation.framework/Versions/A/JavaNativeFoundation
0x0000000113489000 	/System/Library/Frameworks/JavaVM.framework/Versions/A/JavaVM
0x00000000078ad000 	/System/Library/Frameworks/Carbon.framework/Versions/A/Carbon
0x0000000113496000 	/System/Library/PrivateFrameworks/JavaLaunching.framework/Versions/A/JavaLaunching
0x00000000078ad000 	/System/Library/Frameworks/Carbon.framework/Versions/A/Frameworks/CommonPanels.framework/Versions/A/CommonPanels
0x00000000078ad000 	/System/Library/Frameworks/Carbon.framework/Versions/A/Frameworks/Help.framework/Versions/A/Help
0x00000000078ad000 	/System/Library/Frameworks/Carbon.framework/Versions/A/Frameworks/ImageCapture.framework/Versions/A/ImageCapture
0x00000000078ad000 	/System/Library/Frameworks/Carbon.framework/Versions/A/Frameworks/OpenScripting.framework/Versions/A/OpenScripting
0x00000000078ad000 	/System/Library/Frameworks/Carbon.framework/Versions/A/Frameworks/Print.framework/Versions/A/Print
0x00000000078ad000 	/System/Library/Frameworks/Carbon.framework/Versions/A/Frameworks/SecurityHI.framework/Versions/A/SecurityHI

VM Arguments:
jvm_args: -Djava.awt.headless=true -Xmx1024M -Dfile.encoding=UTF-8 -Duser.country=CN -Duser.language=zh -Duser.variant 
java_command: com.android.dx.command.Main --dex --force-jumbo --num-threads=4 --output /Users/bailiangjin/dev/workspace/kevinswork/android/studio/lib/BaseLibrary/simpleim/build/intermediates/pre-dexed/debug/main_37cf8b9912365d6f7d36a70ac5868e1577ed9513.jar /Users/bailiangjin/dev/workspace/kevinswork/android/studio/lib/BaseLibrary/simpleim/build/intermediates/transforms/instantRun/debug/folders/1/5/main
Launcher Type: SUN_STANDARD

Environment Variables:
PATH=/usr/bin:/bin:/usr/sbin:/sbin
SHELL=/bin/bash

Signal Handlers:
SIGSEGV: [libjvm.dylib+0x52daf1], sa_mask[0]=0xfffefeff, sa_flags=0x00000043
SIGBUS: [libjvm.dylib+0x52daf1], sa_mask[0]=0xfffefeff, sa_flags=0x00000042
SIGFPE: [libjvm.dylib+0x41f34e], sa_mask[0]=0xfffefeff, sa_flags=0x00000042
SIGPIPE: [libjvm.dylib+0x41f34e], sa_mask[0]=0xfffefeff, sa_flags=0x00000042
SIGXFSZ: [libjvm.dylib+0x41f34e], sa_mask[0]=0xfffefeff, sa_flags=0x00000042
SIGILL: [libjvm.dylib+0x41f34e], sa_mask[0]=0xfffefeff, sa_flags=0x00000042
SIGUSR1: SIG_DFL, sa_mask[0]=0x00000000, sa_flags=0x00000000
SIGUSR2: [libjvm.dylib+0x41ee40], sa_mask[0]=0x00000004, sa_flags=0x00000042
SIGHUP: [libjvm.dylib+0x41d0d1], sa_mask[0]=0xfffefeff, sa_flags=0x00000042
SIGINT: [libjvm.dylib+0x41d0d1], sa_mask[0]=0xfffefeff, sa_flags=0x00000042
SIGTERM: [libjvm.dylib+0x41d0d1], sa_mask[0]=0xfffefeff, sa_flags=0x00000042
SIGQUIT: [libjvm.dylib+0x41d0d1], sa_mask[0]=0xfffefeff, sa_flags=0x00000042


---------------  S Y S T E M  ---------------

OS:Bsduname:Darwin 15.6.0 Darwin Kernel Version 15.6.0: Thu Jun 23 18:25:34 PDT 2016; root:xnu-3248.60.10~1/RELEASE_X86_64 x86_64
rlimit: STACK 8192k, CORE 0k, NPROC 709, NOFILE 10240, AS infinity
load average:1.78 2.80 2.92

CPU:total 8 (4 cores per cpu, 2 threads per core) family 6 model 70 stepping 1, cmov, cx8, fxsr, mmx, sse, sse2, sse3, ssse3, sse4.1, sse4.2, popcnt, avx, avx2, aes, erms, ht, tsc, tscinvbit

Memory: 4k page, physical 16777216k(4194304k free)

/proc/meminfo:


vm_info: Java HotSpot(TM) 64-Bit Server VM (24.79-b02) for bsd-amd64 JRE (1.7.0_79-b15), built on Apr 10 2015 11:35:04 by "java_re" with gcc 4.2.1 (Based on Apple Inc. build 5658) (LLVM build 2336.11.00)

time: Tue Aug  2 18:40:18 2016
elapsed time: 4 seconds

